#
# A fatal error has been detected by the Java Runtime Environment:
#
#  SIGSEGV (0xb) at pc=0x00007fef3f739308, pid=17342, tid=140665549641472
#
# JRE version: 7.0_11-b21
# Java VM: Java HotSpot(TM) 64-Bit Server VM (23.6-b04 mixed mode linux-amd64 compressed oops)
# Problematic frame:
# C  [libc.so.6+0x14e308]  __nss_hosts_lookup+0x1c9b8
#
# Failed to write core dump. Core dumps have been disabled. To enable core dumping, try "ulimit -c unlimited" before starting Java again
#
# If you would like to submit a bug report, please visit:
#   http://bugreport.sun.com/bugreport/crash.jsp
# The crash happened outside the Java Virtual Machine in native code.
# See problematic frame for where to report the bug.
#

---------------  T H R E A D  ---------------

Current thread (0x00007fef38009000):  JavaThread "main" [_thread_in_native, id=17343, stack(0x00007fef400e5000,0x00007fef401e6000)]

siginfo:si_signo=SIGSEGV: si_errno=0, si_code=2 (SEGV_ACCERR), si_addr=0x00007fef249beff0

Registers:
RAX=0x00007fef39140bb0, RBX=0x0000000000004500, RCX=0x0000000000010000, RDX=0x0000000000003400
RSP=0x00007fef401e1bf8, RBP=0x00007fef401e1c50, RSI=0x00007fef249bf068, RDI=0x00007fef39144030
R8 =0x00007fef391450a0, R9 =0x00007fef3f7392b0, R10=0x00007fef35074b78, R11=0x00007fef3f76f390
R12=0x00007fef249bbbba, R13=0x00007fef38e84210, R14=0x0000000000000000, R15=0x00007fef38f9f550
RIP=0x00007fef3f739308, EFLAGS=0x0000000000010206, CSGSFS=0x0000000000000033, ERR=0x0000000000000004
  TRAPNO=0x000000000000000e

Top of Stack: (sp=0x00007fef401e1bf8)
0x00007fef401e1bf8:   00007fef3d535c07 0000000088000d10
0x00007fef401e1c08:   000000ef00000000 0000000000004500
0x00007fef401e1c18:   00000000004dcd00 00007fef38e84210
0x00007fef401e1c28:   00007fef38f9f8d8 00007fef38f9f550
0x00007fef401e1c38:   00007feecc083150 00000000e1e46e8f
0x00007fef401e1c48:   00007fef401e1cb0 00007fef401e1c90
0x00007fef401e1c58:   00007fef3d5361c8 00000045401e1c90
0x00007fef401e1c68:   00007fef401e1cb0 0000000000000045
0x00007fef401e1c78:   00007fef380091d8 00007fef401e1cb0
0x00007fef401e1c88:   00007fef401e2108 00007fef401e20f0
0x00007fef401e1c98:   00007fef3d534ffd 016f72702f796261
0x00007fef401e1ca8:   00007fef38f9f550 756f6c632f6d6f63
0x00007fef401e1cb8:   6c702f7372653964 636d656d2f327961
0x00007fef401e1cc8:   654d2f6465686361 506465686361636d
0x00007fef401e1cd8:   6124246e6967756c 6f246e75666e6f6e
0x00007fef401e1ce8:   2e3124706f74536e 0000007373616c63
0x00007fef401e1cf8:   00007fef38ba46e0 00007fef401e1d20
0x00007fef401e1d08:   00007fef3ee67f27 00007fef38009ef0
0x00007fef401e1d18:   0000000000000b6c 00007fef401e1d60
0x00007fef401e1d28:   00007fef3d536289 00000000401e1d60
0x00007fef401e1d38:   00007fef401e1d80 000000000000004c
0x00007fef401e1d48:   00007fef380091d8 00007fef401e1d80
0x00007fef401e1d58:   00007fef401e21d8 00007fef401e21c0
0x00007fef401e1d68:   00007fef3d535041 00007fef38ba46e0
0x00007fef401e1d78:   00007fef38ba46e0 6970612f79616c70
0x00007fef401e1d88:   61242479616c502f 0000003000000010
0x00007fef401e1d98:   00007fef401e2130 00007fef401e2040
0x00007fef401e1da8:   00007fef38059f00 00007fef38009000
0x00007fef401e1db8:   00007fef3edd8800 00007fef38009f00
0x00007fef401e1dc8:   00000000e3d5ecb0 00000000e3d5ecd0
0x00007fef401e1dd8:   00000000e3d5ed60 0000000000000011
0x00007fef401e1de8:   00000000882701b8 00000000a1480c26 

Instructions: (pc=0x00007fef3f739308)
0x00007fef3f7392e8:   0f 29 67 c0 0f 28 76 a8 66 0f 3a 0f ee 08 0f 29
0x00007fef3f7392f8:   6f b0 0f 28 7e 98 66 0f 3a 0f f7 08 0f 29 77 a0
0x00007fef3f739308:   44 0f 28 46 88 66 41 0f 3a 0f f8 08 0f 29 7f 90
0x00007fef3f739318:   44 0f 28 8e 78 ff ff ff 66 45 0f 3a 0f c1 08 44 

Register to memory mapping:

RAX=0x00007fef39140bb0 is an unknown value
RBX=0x0000000000004500 is an unknown value
RCX=0x0000000000010000 is an unknown value
RDX=0x0000000000003400 is an unknown value
RSP=0x00007fef401e1bf8 is pointing into the stack for thread: 0x00007fef38009000
RBP=0x00007fef401e1c50 is pointing into the stack for thread: 0x00007fef38009000
RSI=0x00007fef249bf068 is pointing into the stack for thread: 0x00007feecc025000
RDI=0x00007fef39144030 is an unknown value
R8 =0x00007fef391450a0 is an unknown value
R9 =0x00007fef3f7392b0: <offset 0x14e2b0> in /lib/x86_64-linux-gnu/libc.so.6 at 0x00007fef3f5eb000
R10=0x00007fef35074990 [CodeBlob (0x00007fef35074990)]
Framesize: 10
R11=0x00007fef3f76f390: <offset 0x184390> in /lib/x86_64-linux-gnu/libc.so.6 at 0x00007fef3f5eb000
R12=0x00007fef249bbbba is an unknown value
R13=0x00007fef38e84210 is an unknown value
R14=0x0000000000000000 is an unknown value
R15=0x00007fef38f9f550 is an unknown value


Stack: [0x00007fef400e5000,0x00007fef401e6000],  sp=0x00007fef401e1bf8,  free space=1010k
Native frames: (J=compiled Java code, j=interpreted, Vv=VM code, C=native code)
C  [libc.so.6+0x14e308]  __nss_hosts_lookup+0x1c9b8
C  [libzip.so+0x51c8]  ZIP_GetEntry+0xd8
C  [libzip.so+0x3ffd]  Java_java_util_zip_ZipFile_getEntry+0xad
J  java.util.zip.ZipFile.getEntry(J[BZ)J

Java frames: (J=compiled Java code, j=interpreted, Vv=VM code)
J  java.util.zip.ZipFile.getEntry(J[BZ)J
J  java.util.jar.JarFile.getEntry(Ljava/lang/String;)Ljava/util/zip/ZipEntry;
J  sun.misc.URLClassPath.getResource(Ljava/lang/String;Z)Lsun/misc/Resource;
J  java.net.URLClassLoader$1.run()Ljava/lang/Object;
v  ~StubRoutines::call_stub
J  java.security.AccessController.doPrivileged(Ljava/security/PrivilegedExceptionAction;Ljava/security/AccessControlContext;)Ljava/lang/Object;
J  java.net.URLClassLoader.findClass(Ljava/lang/String;)Ljava/lang/Class;
J  java.lang.ClassLoader.loadClass(Ljava/lang/String;Z)Ljava/lang/Class;
j  java.lang.ClassLoader.loadClass(Ljava/lang/String;)Ljava/lang/Class;+3
j  sbt.PlayCommands$$anonfun$53$$anonfun$55$$anon$2.loadClass(Ljava/lang/String;)Ljava/lang/Class;+29
v  ~StubRoutines::call_stub
j  com.cloud9ers.play2.memcached.MemcachedPlugin.onStop()V+4
j  play.api.Play$$anonfun$stop$1$$anonfun$apply$1$$anonfun$apply$mcV$sp$2.apply(Lplay/api/Plugin;)V+1
j  play.api.Play$$anonfun$stop$1$$anonfun$apply$1$$anonfun$apply$mcV$sp$2.apply(Ljava/lang/Object;)Ljava/lang/Object;+5
j  scala.collection.immutable.List.foreach(Lscala/Function1;)V+19
j  play.api.Play$$anonfun$stop$1$$anonfun$apply$1.apply$mcV$sp()V+25
j  play.api.Play$$anonfun$stop$1$$anonfun$apply$1.apply()V+1
j  play.api.Play$$anonfun$stop$1$$anonfun$apply$1.apply()Ljava/lang/Object;+1
j  play.utils.Threads$.withContextClassLoader(Ljava/lang/ClassLoader;Lscala/Function0;)Ljava/lang/Object;+16
j  play.api.Play$$anonfun$stop$1.apply(Lplay/api/Application;)V+19
j  play.api.Play$$anonfun$stop$1.apply(Ljava/lang/Object;)Ljava/lang/Object;+5
j  scala.Option.map(Lscala/Function1;)Lscala/Option;+22
j  play.api.Play$.stop()V+17
j  play.core.server.NettyServer.stop()V+3
j  sbt.PlayCommands$$anonfun$53$$anonfun$55.apply(Lscala/collection/Seq;)Lsbt/State;+558
j  sbt.PlayCommands$$anonfun$53$$anonfun$55.apply(Ljava/lang/Object;)Ljava/lang/Object;+5
j  scala.Either$RightProjection.map(Lscala/Function1;)Lscala/Either;+48
j  sbt.PlayCommands$$anonfun$53.apply(Lsbt/State;Lscala/collection/Seq;)Lsbt/State;+216
j  sbt.PlayCommands$$anonfun$53.apply(Ljava/lang/Object;Ljava/lang/Object;)Ljava/lang/Object;+9
j  sbt.Command$$anonfun$sbt$Command$$apply1$1$$anonfun$apply$6.apply()Ljava/lang/Object;+18
j  sbt.Command$.process(Ljava/lang/String;Lsbt/State;)Lsbt/State;+49
j  sbt.MainLoop$$anonfun$next$1$$anonfun$apply$1.apply(Ljava/lang/String;Lsbt/State;)Lsbt/State;+5
j  sbt.MainLoop$$anonfun$next$1$$anonfun$apply$1.apply(Ljava/lang/Object;Ljava/lang/Object;)Ljava/lang/Object;+9
j  sbt.State$$anon$2.process(Lscala/Function2;)Lsbt/State;+205
j  sbt.MainLoop$$anonfun$next$1.apply()Lsbt/State;+18
j  sbt.MainLoop$$anonfun$next$1.apply()Ljava/lang/Object;+1
j  sbt.ErrorHandling$.wideConvert(Lscala/Function0;)Lscala/Either;+7
j  sbt.MainLoop$.next(Lsbt/State;)Lsbt/State;+11
j  sbt.MainLoop$.run(Lsbt/State;)Lsbt/MainLoop$RunNext;+34
j  sbt.MainLoop$$anonfun$runWithNewLog$1.apply(Ljava/io/BufferedWriter;)Lsbt/MainLoop$RunNext;+136
j  sbt.MainLoop$$anonfun$runWithNewLog$1.apply(Ljava/lang/Object;)Ljava/lang/Object;+5
j  sbt.Using.apply(Ljava/lang/Object;Lscala/Function1;)Ljava/lang/Object;+11
j  sbt.MainLoop$.runWithNewLog(Lsbt/State;Lsbt/GlobalLogBacking;)Lsbt/MainLoop$RunNext;+35
j  sbt.MainLoop$.runAndClearLast(Lsbt/State;Lsbt/GlobalLogBacking;)Lsbt/MainLoop$RunNext;+5
j  sbt.MainLoop$.runLoggedLoop(Lsbt/State;Lsbt/GlobalLogBacking;)Lxsbti/MainResult;+3
j  sbt.MainLoop$.runLogged(Lsbt/State;)Lxsbti/MainResult;+9
j  sbt.xMain.run(Lxsbti/AppConfiguration;)Lxsbti/MainResult;+88
j  xsbt.boot.Launch$.run(Lxsbti/Launcher;Lxsbt/boot/RunConfiguration;)Lxsbti/MainResult;+60
j  xsbt.boot.Launch$$anonfun$explicit$1.apply(Ljava/lang/Object;)Ljava/lang/Object;+12
j  xsbt.boot.Launch$.launch(Lscala/Function1;Lxsbt/boot/RunConfiguration;)Lscala/Option;+2
j  xsbt.boot.Launch$.apply(Lscala/collection/immutable/List;)Lscala/Option;+328
j  xsbt.boot.Boot$.runImpl([Ljava/lang/String;)Lscala/Option;+15
j  xsbt.boot.Boot$.main([Ljava/lang/String;)V+192
j  xsbt.boot.Boot.main([Ljava/lang/String;)V+4
v  ~StubRoutines::call_stub

---------------  P R O C E S S  ---------------

Java Threads: ( => current thread )
  0x00007fef3845d000 JavaThread "process reaper" daemon [_thread_blocked, id=22154, stack(0x00007fef26c0b000,0x00007fef26c33000)]
  0x00007feecc0b5000 JavaThread "play-internal-execution-context-4" [_thread_blocked, id=22124, stack(0x00007fef241b3000,0x00007fef242b4000)]
  0x00007feecc0b3800 JavaThread "play-internal-execution-context-3" [_thread_blocked, id=22123, stack(0x00007fef242b4000,0x00007fef243b5000)]
  0x00007feecc0b1000 JavaThread "play-internal-execution-context-2" [_thread_blocked, id=22122, stack(0x00007fef243b5000,0x00007fef244b6000)]
  0x00007feecc0a6800 JavaThread "iteratee-execution-context-4" [_thread_blocked, id=22121, stack(0x00007fef244b6000,0x00007fef245b7000)]
  0x00007feecc08b800 JavaThread "Memcached IO over {MemcachedConnection to /127.0.0.1:11211}" [_thread_in_native, id=22120, stack(0x00007fef245b7000,0x00007fef246b8000)]
  0x00007feecc04b000 JavaThread "iteratee-execution-context-3" [_thread_blocked, id=22119, stack(0x00007fef246b8000,0x00007fef247b9000)]
  0x00007feecc048800 JavaThread "iteratee-execution-context-2" [_thread_blocked, id=22118, stack(0x00007fef247b9000,0x00007fef248ba000)]
  0x00007feecc026000 JavaThread "play-internal-execution-context-1" [_thread_blocked, id=22117, stack(0x00007fef248ba000,0x00007fef249bb000)]
  0x00007feecc025000 JavaThread "iteratee-execution-context-1" [_thread_blocked, id=22116, stack(0x00007fef249bc000,0x00007fef24abd000)]
  0x00007feee80f4800 JavaThread "Timer-1" [_thread_blocked, id=22115, stack(0x00007fef24cbf000,0x00007fef24dc0000)]
  0x00007feee80f4000 JavaThread "play-scheduler-1" [_thread_blocked, id=22114, stack(0x00007fef258f4000,0x00007fef259f5000)]
  0x00007feecc012000 JavaThread "play-akka.actor.default-dispatcher-5" [_thread_blocked, id=22113, stack(0x00007fef24abd000,0x00007fef24bbe000)]
  0x00007feee803e800 JavaThread "net.sf.ehcache.CacheManager@65e29283" daemon [_thread_blocked, id=22108, stack(0x00007fef25bf7000,0x00007fef25cf8000)]
  0x00007fef39035000 JavaThread "New I/O server boss #1 ([id: 0x5b9d5be5, /0:0:0:0:0:0:0:0:9000])" [_thread_in_native, id=22088, stack(0x00007fef26908000,0x00007fef26a09000)]
  0x00007fef39034800 JavaThread "New I/O  worker #8" [_thread_in_native, id=22087, stack(0x00007fef25cf8000,0x00007fef25df9000)]
  0x00007fef39033800 JavaThread "New I/O  worker #7" [_thread_in_native, id=22086, stack(0x00007fef25df9000,0x00007fef25efa000)]
  0x00007fef39033000 JavaThread "New I/O  worker #6" [_thread_in_native, id=22085, stack(0x00007fef26a09000,0x00007fef26b0a000)]
  0x00007fef39032000 JavaThread "New I/O  worker #5" [_thread_in_native, id=22084, stack(0x00007fef260fc000,0x00007fef261fd000)]
  0x00007fef39031800 JavaThread "New I/O  worker #4" [_thread_in_native, id=22083, stack(0x00007fef25efa000,0x00007fef25ffb000)]
  0x00007fef38e83000 JavaThread "New I/O  worker #3" [_thread_in_native, id=22082, stack(0x00007fef26b0a000,0x00007fef26c0b000)]
  0x00007fef38e82000 JavaThread "New I/O  worker #2" [_thread_in_native, id=22081, stack(0x00007fef25ffb000,0x00007fef260fc000)]
  0x00007fef38faa800 JavaThread "New I/O  worker #1" [_thread_in_native, id=22080, stack(0x00007fef26807000,0x00007fef26908000)]
  0x00007feebc002000 JavaThread "play-internal-execution-context-4" [_thread_blocked, id=17434, stack(0x00007fef24dc0000,0x00007fef24ec1000)]
  0x00007feeb8006800 JavaThread "play-internal-execution-context-3" [_thread_blocked, id=17433, stack(0x00007fef24ec1000,0x00007fef24fc2000)]
  0x00007feec4047800 JavaThread "play-internal-execution-context-2" [_thread_blocked, id=17432, stack(0x00007fef24fc2000,0x00007fef250c3000)]
  0x00007feec4043000 JavaThread "iteratee-execution-context-4" [_thread_blocked, id=17431, stack(0x00007fef250c3000,0x00007fef251c4000)]
  0x00007feeb4002800 JavaThread "iteratee-execution-context-3" [_thread_blocked, id=17430, stack(0x00007fef251c4000,0x00007fef252c5000)]
  0x00000000015e9000 JavaThread "iteratee-execution-context-2" [_thread_blocked, id=17429, stack(0x00007fef252c5000,0x00007fef253c6000)]
  0x00007feec0660000 JavaThread "play-internal-execution-context-1" [_thread_blocked, id=17428, stack(0x00007fef253c6000,0x00007fef254c7000)]
  0x00007feec065e000 JavaThread "iteratee-execution-context-1" [_thread_blocked, id=17427, stack(0x00007fef254c7000,0x00007fef255c8000)]
  0x00007feef4533000 JavaThread "Timer-0" [_thread_blocked, id=17426, stack(0x00007fef255c8000,0x00007fef256c9000)]
  0x00007feef452e000 JavaThread "play-scheduler-1" [_thread_blocked, id=17425, stack(0x00007fef256f2000,0x00007fef257f3000)]
  0x00007feef4512800 JavaThread "play-akka.actor.default-dispatcher-3" [_thread_blocked, id=17422, stack(0x00007fef259f5000,0x00007fef25af6000)]
  0x00007fef385ce000 JavaThread "INotify thread" daemon [_thread_in_native, id=17391, stack(0x00007fef26706000,0x00007fef26807000)]
  0x00007fef381b7800 JavaThread "Service Thread" daemon [_thread_blocked, id=17354, stack(0x00007fef2736b000,0x00007fef2746c000)]
  0x00007fef381b5000 JavaThread "C2 CompilerThread1" daemon [_thread_blocked, id=17353, stack(0x00007fef2746c000,0x00007fef2756d000)]
  0x00007fef381b2000 JavaThread "C2 CompilerThread0" daemon [_thread_blocked, id=17352, stack(0x00007fef2756d000,0x00007fef2766e000)]
  0x00007fef381b0000 JavaThread "Signal Dispatcher" daemon [_thread_blocked, id=17351, stack(0x00007fef2766e000,0x00007fef2776f000)]
  0x00007fef38163000 JavaThread "Finalizer" daemon [_thread_blocked, id=17350, stack(0x00007fef278f9000,0x00007fef279fa000)]
  0x00007fef38161000 JavaThread "Reference Handler" daemon [_thread_blocked, id=17349, stack(0x00007fef279fa000,0x00007fef27afb000)]
=>0x00007fef38009000 JavaThread "main" [_thread_in_native, id=17343, stack(0x00007fef400e5000,0x00007fef401e6000)]

Other Threads:
  0x00007fef38159000 VMThread [stack: 0x00007fef27afb000,0x00007fef27bfc000] [id=17348]
  0x00007fef381c2000 WatcherThread [stack: 0x00007fef2726a000,0x00007fef2736b000] [id=17355]

VM state:not at safepoint (normal execution)

VM Mutex/Monitor currently owned by a thread: None

Heap
 PSYoungGen      total 432576K, used 131407K [0x00000000e0000000, 0x0000000100000000, 0x0000000100000000)
  eden space 350272K, 18% used [0x00000000e0000000,0x00000000e3f4adf8,0x00000000f5610000)
  from space 82304K, 80% used [0x00000000f5610000,0x00000000f9719100,0x00000000fa670000)
  to   space 89664K, 0% used [0x00000000fa870000,0x00000000fa870000,0x0000000100000000)
 ParOldGen       total 349568K, used 161458K [0x00000000a0000000, 0x00000000b5560000, 0x00000000e0000000)
  object space 349568K, 46% used [0x00000000a0000000,0x00000000a9daca08,0x00000000b5560000)
 PSPermGen       total 108224K, used 108112K [0x0000000088000000, 0x000000008e9b0000, 0x00000000a0000000)
  object space 108224K, 99% used [0x0000000088000000,0x000000008e9943e0,0x000000008e9b0000)

Card table byte_map: [0x00007fef3d170000,0x00007fef3d531000] byte_map_base: 0x00007fef3cd30000

Polling page: 0x00007fef40201000

Code Cache  [0x00007fef35000000, 0x00007fef35680000, 0x00007fef38000000)
 total_blobs=3497 nmethods=3073 adapters=374 free_code_cache=42599Kb largest_free_block=43526016

Compilation events (10 events):
Event: 19401.502 Thread 0x00007fef381b5000 nmethod 3387 0x00007fef3566c010 code [0x00007fef3566c140, 0x00007fef3566c178]
Event: 19401.507 Thread 0x00007fef381b5000 3388             java.util.TreeMap::parentOf (13 bytes)
Event: 19401.512 Thread 0x00007fef381b5000 nmethod 3388 0x00007fef3566be10 code [0x00007fef3566bf40, 0x00007fef3566bf98]
Event: 19401.512 Thread 0x00007fef381b5000 3389             java.util.TreeMap::put (247 bytes)
Event: 19401.526 Thread 0x00007fef381b2000 nmethod 3382 0x00007fef3567c010 code [0x00007fef3567c200, 0x00007fef3567cf18]
Event: 19401.539 Thread 0x00007fef381b5000 nmethod 3389 0x00007fef3566ad10 code [0x00007fef3566af00, 0x00007fef3566b740]
Event: 19413.572 Thread 0x00007fef381b2000 3390             sun.nio.ch.EPollSelectorImpl::updateSelectedKeys (150 bytes)
Event: 19413.585 Thread 0x00007fef381b2000 nmethod 3390 0x00007fef3566cd90 code [0x00007fef3566cf80, 0x00007fef3566d3c0]
Event: 19422.288 Thread 0x00007fef381b5000 3391             sun.nio.ch.EPollArrayWrapper::interrupted (5 bytes)
Event: 19422.289 Thread 0x00007fef381b5000 nmethod 3391 0x00007fef3566ab10 code [0x00007fef3566ac40, 0x00007fef3566ac98]

GC Heap History (10 events):
Event: 34.360 GC heap before
{Heap before GC invocations=7 (full 0):
 PSYoungGen      total 267520K, used 267498K [0x00000000e0000000, 0x00000000f2200000, 0x0000000100000000)
  eden space 250112K, 100% used [0x00000000e0000000,0x00000000ef440000,0x00000000ef440000)
  from space 17408K, 99% used [0x00000000f1100000,0x00000000f21fabc0,0x00000000f2200000)
  to   space 23424K, 0% used [0x00000000ef440000,0x00000000ef440000,0x00000000f0b20000)
 ParOldGen       total 349568K, used 8183K [0x00000000a0000000, 0x00000000b5560000, 0x00000000e0000000)
  object space 349568K, 2% used [0x00000000a0000000,0x00000000a07fdee0,0x00000000b5560000)
 PSPermGen       total 77696K, used 77637K [0x0000000088000000, 0x000000008cbe0000, 0x00000000a0000000)
  object space 77696K, 99% used [0x0000000088000000,0x000000008cbd1470,0x000000008cbe0000)
Event: 34.466 GC heap after
Heap after GC invocations=7 (full 0):
 PSYoungGen      total 273536K, used 23413K [0x00000000e0000000, 0x0000000100000000, 0x0000000100000000)
  eden space 250112K, 0% used [0x00000000e0000000,0x00000000e0000000,0x00000000ef440000)
  from space 23424K, 99% used [0x00000000ef440000,0x00000000f0b1d490,0x00000000f0b20000)
  to   space 59136K, 0% used [0x00000000fc640000,0x00000000fc640000,0x0000000100000000)
 ParOldGen       total 349568K, used 73725K [0x00000000a0000000, 0x00000000b5560000, 0x00000000e0000000)
  object space 349568K, 21% used [0x00000000a0000000,0x00000000a47ff570,0x00000000b5560000)
 PSPermGen       total 77696K, used 77637K [0x0000000088000000, 0x000000008cbe0000, 0x00000000a0000000)
  object space 77696K, 99% used [0x0000000088000000,0x000000008cbd1470,0x000000008cbe0000)
}
Event: 952.468 GC heap before
{Heap before GC invocations=8 (full 0):
 PSYoungGen      total 273536K, used 273293K [0x00000000e0000000, 0x0000000100000000, 0x0000000100000000)
  eden space 250112K, 99% used [0x00000000e0000000,0x00000000ef4061e0,0x00000000ef440000)
  from space 23424K, 99% used [0x00000000ef440000,0x00000000f0b1d490,0x00000000f0b20000)
  to   space 59136K, 0% used [0x00000000fc640000,0x00000000fc640000,0x0000000100000000)
 ParOldGen       total 349568K, used 73725K [0x00000000a0000000, 0x00000000b5560000, 0x00000000e0000000)
  object space 349568K, 21% used [0x00000000a0000000,0x00000000a47ff570,0x00000000b5560000)
 PSPermGen       total 85568K, used 85443K [0x0000000088000000, 0x000000008d390000, 0x00000000a0000000)
  object space 85568K, 99% used [0x0000000088000000,0x000000008d370c90,0x000000008d390000)
Event: 952.923 GC heap after
Heap after GC invocations=8 (full 0):
 PSYoungGen      total 301056K, used 59109K [0x00000000e0000000, 0x0000000100000000, 0x0000000100000000)
  eden space 241920K, 0% used [0x00000000e0000000,0x00000000e0000000,0x00000000eec40000)
  from space 59136K, 99% used [0x00000000fc640000,0x00000000ffff9648,0x0000000100000000)
  to   space 77120K, 0% used [0x00000000f6960000,0x00000000f6960000,0x00000000fb4b0000)
 ParOldGen       total 349568K, used 90847K [0x00000000a0000000, 0x00000000b5560000, 0x00000000e0000000)
  object space 349568K, 25% used [0x00000000a0000000,0x00000000a58b7d50,0x00000000b5560000)
 PSPermGen       total 85568K, used 85443K [0x0000000088000000, 0x000000008d390000, 0x00000000a0000000)
  object space 85568K, 99% used [0x0000000088000000,0x000000008d370c90,0x000000008d390000)
}
Event: 19371.473 GC heap before
{Heap before GC invocations=9 (full 0):
 PSYoungGen      total 301056K, used 301029K [0x00000000e0000000, 0x0000000100000000, 0x0000000100000000)
  eden space 241920K, 100% used [0x00000000e0000000,0x00000000eec40000,0x00000000eec40000)
  from space 59136K, 99% used [0x00000000fc640000,0x00000000ffff9648,0x0000000100000000)
  to   space 77120K, 0% used [0x00000000f6960000,0x00000000f6960000,0x00000000fb4b0000)
 ParOldGen       total 349568K, used 90847K [0x00000000a0000000, 0x00000000b5560000, 0x00000000e0000000)
  object space 349568K, 25% used [0x00000000a0000000,0x00000000a58b7d50,0x00000000b5560000)
 PSPermGen       total 87872K, used 87728K [0x0000000088000000, 0x000000008d5d0000, 0x00000000a0000000)
  object space 87872K, 99% used [0x0000000088000000,0x000000008d5ac330,0x000000008d5d0000)
Event: 19372.652 GC heap after
Heap after GC invocations=9 (full 0):
 PSYoungGen      total 296640K, used 62489K [0x00000000e0000000, 0x00000000fc650000, 0x0000000100000000)
  eden space 234112K, 0% used [0x00000000e0000000,0x00000000e0000000,0x00000000ee4a0000)
  from space 62528K, 99% used [0x00000000f6960000,0x00000000fa666458,0x00000000fa670000)
  to   space 32640K, 0% used [0x00000000fa670000,0x00000000fa670000,0x00000000fc650000)
 ParOldGen       total 349568K, used 99706K [0x00000000a0000000, 0x00000000b5560000, 0x00000000e0000000)
  object space 349568K, 28% used [0x00000000a0000000,0x00000000a615e988,0x00000000b5560000)
 PSPermGen       total 87872K, used 87728K [0x0000000088000000, 0x000000008d5d0000, 0x00000000a0000000)
  object space 87872K, 99% used [0x0000000088000000,0x000000008d5ac330,0x000000008d5d0000)
}
Event: 19374.533 GC heap before
{Heap before GC invocations=10 (full 0):
 PSYoungGen      total 296640K, used 296601K [0x00000000e0000000, 0x00000000fc650000, 0x0000000100000000)
  eden space 234112K, 100% used [0x00000000e0000000,0x00000000ee4a0000,0x00000000ee4a0000)
  from space 62528K, 99% used [0x00000000f6960000,0x00000000fa666458,0x00000000fa670000)
  to   space 32640K, 0% used [0x00000000fa670000,0x00000000fa670000,0x00000000fc650000)
 ParOldGen       total 349568K, used 99706K [0x00000000a0000000, 0x00000000b5560000, 0x00000000e0000000)
  object space 349568K, 28% used [0x00000000a0000000,0x00000000a615e988,0x00000000b5560000)
 PSPermGen       total 87872K, used 87806K [0x0000000088000000, 0x000000008d5d0000, 0x00000000a0000000)
  object space 87872K, 99% used [0x0000000088000000,0x000000008d5bf888,0x000000008d5d0000)
Event: 19374.641 GC heap after
Heap after GC invocations=10 (full 0):
 PSYoungGen      total 382912K, used 19154K [0x00000000e0000000, 0x0000000100000000, 0x0000000100000000)
  eden space 350272K, 0% used [0x00000000e0000000,0x00000000e0000000,0x00000000f5610000)
  from space 32640K, 58% used [0x00000000fa670000,0x00000000fb924a30,0x00000000fc650000)
  to   space 82304K, 0% used [0x00000000f5610000,0x00000000f5610000,0x00000000fa670000)
 ParOldGen       total 349568K, used 149546K [0x00000000a0000000, 0x00000000b5560000, 0x00000000e0000000)
  object space 349568K, 42% used [0x00000000a0000000,0x00000000a920a920,0x00000000b5560000)
 PSPermGen       total 87872K, used 87806K [0x0000000088000000, 0x000000008d5d0000, 0x00000000a0000000)
  object space 87872K, 99% used [0x0000000088000000,0x000000008d5bf888,0x000000008d5d0000)
}
Event: 19400.184 GC heap before
{Heap before GC invocations=11 (full 0):
 PSYoungGen      total 382912K, used 369426K [0x00000000e0000000, 0x0000000100000000, 0x0000000100000000)
  eden space 350272K, 100% used [0x00000000e0000000,0x00000000f5610000,0x00000000f5610000)
  from space 32640K, 58% used [0x00000000fa670000,0x00000000fb924a30,0x00000000fc650000)
  to   space 82304K, 0% used [0x00000000f5610000,0x00000000f5610000,0x00000000fa670000)
 ParOldGen       total 349568K, used 149546K [0x00000000a0000000, 0x00000000b5560000, 0x00000000e0000000)
  object space 349568K, 42% used [0x00000000a0000000,0x00000000a920a920,0x00000000b5560000)
 PSPermGen       total 98816K, used 98742K [0x0000000088000000, 0x000000008e080000, 0x00000000a0000000)
  object space 98816K, 99% used [0x0000000088000000,0x000000008e06d948,0x000000008e080000)
Event: 19400.283 GC heap after
Heap after GC invocations=11 (full 0):
 PSYoungGen      total 432576K, used 66596K [0x00000000e0000000, 0x0000000100000000, 0x0000000100000000)
  eden space 350272K, 0% used [0x00000000e0000000,0x00000000e0000000,0x00000000f5610000)
  from space 82304K, 80% used [0x00000000f5610000,0x00000000f9719100,0x00000000fa670000)
  to   space 89664K, 0% used [0x00000000fa870000,0x00000000fa870000,0x0000000100000000)
 ParOldGen       total 349568K, used 161458K [0x00000000a0000000, 0x00000000b5560000, 0x00000000e0000000)
  object space 349568K, 46% used [0x00000000a0000000,0x00000000a9daca08,0x00000000b5560000)
 PSPermGen       total 98816K, used 98742K [0x0000000088000000, 0x000000008e080000, 0x00000000a0000000)
  object space 98816K, 99% used [0x0000000088000000,0x000000008e06d948,0x000000008e080000)
}

Deoptimization events (10 events):
Event: 19400.915 Thread 0x00007fef38faa800 Uncommon trap -34 fr.pc 0x00007fef35300140
Event: 19400.915 Thread 0x00007fef38faa800 Uncommon trap -34 fr.pc 0x00007fef35300140
Event: 19400.915 Thread 0x00007fef38faa800 Uncommon trap -34 fr.pc 0x00007fef35300140
Event: 19400.915 Thread 0x00007fef38faa800 Uncommon trap -34 fr.pc 0x00007fef35300140
Event: 19401.059 Thread 0x00007fef38faa800 Uncommon trap -58 fr.pc 0x00007fef35260ed4
Event: 19401.198 Thread 0x00007feecc08b800 Uncommon trap -58 fr.pc 0x00007fef35260ed4
Event: 19401.281 Thread 0x00007fef38faa800 Uncommon trap -34 fr.pc 0x00007fef3515a89c
Event: 19401.513 Thread 0x00007fef38e83000 Uncommon trap -34 fr.pc 0x00007fef3516a394
Event: 19401.524 Thread 0x00007fef38e83000 Uncommon trap -34 fr.pc 0x00007fef3516a394
Event: 19401.557 Thread 0x00007fef39031800 Uncommon trap -34 fr.pc 0x00007fef3515a89c

Internal exceptions (10 events):
Event: 19401.588 Thread 0x00007feee80d7800 Threw 0x00000000e3bf1380 at /HUDSON/workspace/jdk7u11-2-build-linux-amd64-product/jdk7u11/hotspot/src/share/vm/prims/jvm.cpp:1166
Event: 19401.588 Thread 0x00007feee80d7800 Threw 0x00000000e3bf5c28 at /HUDSON/workspace/jdk7u11-2-build-linux-amd64-product/jdk7u11/hotspot/src/share/vm/prims/jvm.cpp:1166
Event: 19401.592 Thread 0x00007fef38e82000 Threw 0x00000000e3731870 at /HUDSON/workspace/jdk7u11-2-build-linux-amd64-product/jdk7u11/hotspot/src/share/vm/interpreter/interpre
Event: 19401.592 Thread 0x00007fef38e83000 Threw 0x00000000e3a508c0 at /HUDSON/workspace/jdk7u11-2-build-linux-amd64-product/jdk7u11/hotspot/src/share/vm/interpreter/interpre
Event: 19401.759 Thread 0x00007fef39032000 Threw 0x00000000e3c4f940 at /HUDSON/workspace/jdk7u11-2-build-linux-amd64-product/jdk7u11/hotspot/src/share/vm/interpreter/interpre
Event: 19401.760 Thread 0x00007fef39033000 Threw 0x00000000e3ca8da8 at /HUDSON/workspace/jdk7u11-2-build-linux-amd64-product/jdk7u11/hotspot/src/share/vm/interpreter/interpre
Event: 19415.927 Thread 0x00007fef39033800 Threw 0x00000000e3d025c0 at /HUDSON/workspace/jdk7u11-2-build-linux-amd64-product/jdk7u11/hotspot/src/share/vm/interpreter/interpre
Event: 19482.906 Thread 0x00007fef38009000 Threw 0x00000000e3d58570 at /HUDSON/workspace/jdk7u11-2-build-linux-amd64-product/jdk7u11/hotspot/src/share/vm/prims/jvm.cpp:1166
Event: 19482.908 Thread 0x00007fef38009000 Threw 0x00000000e3d5b3c8 at /HUDSON/workspace/jdk7u11-2-build-linux-amd64-product/jdk7u11/hotspot/src/share/vm/prims/jvm.cpp:1166
Event: 19482.910 Thread 0x00007fef38009000 Threw 0x00000000e3d5eb88 at /HUDSON/workspace/jdk7u11-2-build-linux-amd64-product/jdk7u11/hotspot/src/share/vm/prims/jvm.cpp:1166

Events (10 events):
Event: 19482.903 Executing VM operation: BulkRevokeBias
Event: 19482.905 Executing VM operation: BulkRevokeBias done
Event: 19482.905 Executing VM operation: RevokeBias
Event: 19482.906 Executing VM operation: RevokeBias done
Event: 19482.906 loading class 0x00007feef4319d60
Event: 19482.906 loading class 0x00007feef4319d60 done
Event: 19482.908 loading class 0x00007feee002e830
Event: 19482.908 loading class 0x00007feee002e830 done
Event: 19482.909 loading class 0x00007feef43e0ca0
Event: 19482.910 loading class 0x00007feef43e0ca0 done


Dynamic libraries:
00400000-00401000 r-xp 00000000 fc:00 918335                             /usr/lib/jvm/java-7-oracle/jre/bin/java
00600000-00601000 rw-p 00000000 fc:00 918335                             /usr/lib/jvm/java-7-oracle/jre/bin/java
015e6000-01607000 rw-p 00000000 00:00 0                                  [heap]
88000000-8e9b0000 rw-p 00000000 00:00 0 
8e9b0000-a0000000 rw-p 00000000 00:00 0 
a0000000-b5560000 rw-p 00000000 00:00 0 
b5560000-e0000000 rw-p 00000000 00:00 0 
e0000000-100000000 rw-p 00000000 00:00 0 
7feeb0000000-7feeb0021000 rw-p 00000000 00:00 0 
7feeb0021000-7feeb4000000 ---p 00000000 00:00 0 
7feeb4000000-7feeb4021000 rw-p 00000000 00:00 0 
7feeb4021000-7feeb8000000 ---p 00000000 00:00 0 
7feeb8000000-7feeb8049000 rw-p 00000000 00:00 0 
7feeb8049000-7feebc000000 ---p 00000000 00:00 0 
7feebc000000-7feebc067000 rw-p 00000000 00:00 0 
7feebc067000-7feec0000000 ---p 00000000 00:00 0 
7feec0000000-7feec06a2000 rw-p 00000000 00:00 0 
7feec06a2000-7feec4000000 ---p 00000000 00:00 0 
7feec4000000-7feec405a000 rw-p 00000000 00:00 0 
7feec405a000-7feec8000000 ---p 00000000 00:00 0 
7feec8000000-7feec805c000 rw-p 00000000 00:00 0 
7feec805c000-7feecc000000 ---p 00000000 00:00 0 
7feecc000000-7feecc0ec000 rw-p 00000000 00:00 0 
7feecc0ec000-7feed0000000 ---p 00000000 00:00 0 
7feed0000000-7feed0116000 rw-p 00000000 00:00 0 
7feed0116000-7feed4000000 ---p 00000000 00:00 0 
7feed4000000-7feed4085000 rw-p 00000000 00:00 0 
7feed4085000-7feed8000000 ---p 00000000 00:00 0 
7feed8000000-7feed8021000 rw-p 00000000 00:00 0 
7feed8021000-7feedc000000 ---p 00000000 00:00 0 
7feedc000000-7feedc043000 rw-p 00000000 00:00 0 
7feedc043000-7feee0000000 ---p 00000000 00:00 0 
7feee0000000-7feee0105000 rw-p 00000000 00:00 0 
7feee0105000-7feee4000000 ---p 00000000 00:00 0 
7feee4000000-7feee4021000 rw-p 00000000 00:00 0 
7feee4021000-7feee8000000 ---p 00000000 00:00 0 
7feee8000000-7feee80fb000 rw-p 00000000 00:00 0 
7feee80fb000-7feeec000000 ---p 00000000 00:00 0 
7feeec000000-7feeec134000 rw-p 00000000 00:00 0 
7feeec134000-7feef0000000 ---p 00000000 00:00 0 
7feef0000000-7feef00a0000 rw-p 00000000 00:00 0 
7feef00a0000-7feef4000000 ---p 00000000 00:00 0 
7feef4000000-7feef456d000 rw-p 00000000 00:00 0 
7feef456d000-7feef8000000 ---p 00000000 00:00 0 
7feef8000000-7feef8021000 rw-p 00000000 00:00 0 
7feef8021000-7feefc000000 ---p 00000000 00:00 0 
7feefc000000-7feefc021000 rw-p 00000000 00:00 0 
7feefc021000-7fef00000000 ---p 00000000 00:00 0 
7fef00000000-7fef019ae000 rw-p 00000000 00:00 0 
7fef019ae000-7fef04000000 ---p 00000000 00:00 0 
7fef04000000-7fef0554f000 rw-p 00000000 00:00 0 
7fef0554f000-7fef08000000 ---p 00000000 00:00 0 
7fef08000000-7fef08021000 rw-p 00000000 00:00 0 
7fef08021000-7fef0c000000 ---p 00000000 00:00 0 
7fef0c000000-7fef0c021000 rw-p 00000000 00:00 0 
7fef0c021000-7fef10000000 ---p 00000000 00:00 0 
7fef10000000-7fef10059000 rw-p 00000000 00:00 0 
7fef10059000-7fef14000000 ---p 00000000 00:00 0 
7fef14000000-7fef14021000 rw-p 00000000 00:00 0 
7fef14021000-7fef18000000 ---p 00000000 00:00 0 
7fef18000000-7fef18021000 rw-p 00000000 00:00 0 
7fef18021000-7fef1c000000 ---p 00000000 00:00 0 
7fef20000000-7fef20025000 rw-p 00000000 00:00 0 
7fef20025000-7fef24000000 ---p 00000000 00:00 0 
7fef241b2000-7fef241b3000 rw-p 00000000 00:00 0 
7fef241b3000-7fef241b6000 ---p 00000000 00:00 0 
7fef241b6000-7fef242b4000 rw-p 00000000 00:00 0                          [stack:22124]
7fef242b4000-7fef242b7000 ---p 00000000 00:00 0 
7fef242b7000-7fef243b5000 rw-p 00000000 00:00 0                          [stack:22123]
7fef243b5000-7fef243b8000 ---p 00000000 00:00 0 
7fef243b8000-7fef244b6000 rw-p 00000000 00:00 0                          [stack:22122]
7fef244b6000-7fef244b9000 ---p 00000000 00:00 0 
7fef244b9000-7fef245b7000 rw-p 00000000 00:00 0                          [stack:22121]
7fef245b7000-7fef245ba000 ---p 00000000 00:00 0 
7fef245ba000-7fef246b8000 rw-p 00000000 00:00 0                          [stack:22120]
7fef246b8000-7fef246bb000 ---p 00000000 00:00 0 
7fef246bb000-7fef247b9000 rw-p 00000000 00:00 0                          [stack:22119]
7fef247b9000-7fef247bc000 ---p 00000000 00:00 0 
7fef247bc000-7fef248ba000 rw-p 00000000 00:00 0                          [stack:22118]
7fef248ba000-7fef248bd000 ---p 00000000 00:00 0 
7fef248bd000-7fef249bb000 rw-p 00000000 00:00 0                          [stack:22117]
7fef249bb000-7fef249bc000 r--s 0000e000 fc:02 7343454                    /home/ashihaby/programs/play-2.1.0/repository/local/shared-session/shared-session_2.10/1.0-SNAPSHOT/jars/shared-session_2.10.jar
7fef249bc000-7fef249bf000 ---p 00000000 00:00 0 
7fef249bf000-7fef24abd000 rw-p 00000000 00:00 0                          [stack:22116]
7fef24abd000-7fef24ac0000 ---p 00000000 00:00 0 
7fef24ac0000-7fef24bbe000 rw-p 00000000 00:00 0                          [stack:22113]
7fef24bbe000-7fef24bc1000 ---p 00000000 00:00 0 
7fef24bc1000-7fef24cbf000 rw-p 00000000 00:00 0 
7fef24cbf000-7fef24cc2000 ---p 00000000 00:00 0 
7fef24cc2000-7fef24dc0000 rw-p 00000000 00:00 0                          [stack:22115]
7fef24dc0000-7fef24dc3000 ---p 00000000 00:00 0 
7fef24dc3000-7fef24ec1000 rw-p 00000000 00:00 0                          [stack:17434]
7fef24ec1000-7fef24ec4000 ---p 00000000 00:00 0 
7fef24ec4000-7fef24fc2000 rw-p 00000000 00:00 0                          [stack:17433]
7fef24fc2000-7fef24fc5000 ---p 00000000 00:00 0 
7fef24fc5000-7fef250c3000 rw-p 00000000 00:00 0                          [stack:17432]
7fef250c3000-7fef250c6000 ---p 00000000 00:00 0 
7fef250c6000-7fef251c4000 rw-p 00000000 00:00 0                          [stack:17431]
7fef251c4000-7fef251c7000 ---p 00000000 00:00 0 
7fef251c7000-7fef252c5000 rw-p 00000000 00:00 0                          [stack:17430]
7fef252c5000-7fef252c8000 ---p 00000000 00:00 0 
7fef252c8000-7fef253c6000 rw-p 00000000 00:00 0                          [stack:17429]
7fef253c6000-7fef253c9000 ---p 00000000 00:00 0 
7fef253c9000-7fef254c7000 rw-p 00000000 00:00 0                          [stack:17428]
7fef254c7000-7fef254ca000 ---p 00000000 00:00 0 
7fef254ca000-7fef255c8000 rw-p 00000000 00:00 0                          [stack:17427]
7fef255c8000-7fef255cb000 ---p 00000000 00:00 0 
7fef255cb000-7fef256c9000 rw-p 00000000 00:00 0                          [stack:17426]
7fef256c9000-7fef256cf000 r--s 0005d000 fc:02 5773190                    /home/ashihaby/programs/play-2.1.0/repository/cache/spy/spymemcached/jars/spymemcached-2.8.9.jar
7fef256cf000-7fef256d2000 r--s 000f7000 fc:00 1048171                    /usr/lib/jvm/java-7-oracle/jre/lib/ext/localedata.jar
7fef256d2000-7fef256d3000 r--s 00003000 fc:00 1048170                    /usr/lib/jvm/java-7-oracle/jre/lib/ext/sunec.jar
7fef256d3000-7fef256d4000 r--s 00010000 fc:00 1048169                    /usr/lib/jvm/java-7-oracle/jre/lib/ext/zipfs.jar
7fef256d4000-7fef256d6000 r--s 00001000 fc:00 1048168                    /usr/lib/jvm/java-7-oracle/jre/lib/ext/dnsns.jar
7fef256d6000-7fef256da000 r--s 00037000 fc:00 1048167                    /usr/lib/jvm/java-7-oracle/jre/lib/ext/sunpkcs11.jar
7fef256da000-7fef256de000 r--s 0002d000 fc:00 1048166                    /usr/lib/jvm/java-7-oracle/jre/lib/ext/sunjce_provider.jar
7fef256de000-7fef256e2000 r--s 0006d000 fc:00 918364                     /usr/lib/jvm/java-7-oracle/jre/lib/jfr.jar
7fef256e2000-7fef256ec000 r--s 00371000 fc:00 918370                     /usr/lib/jvm/java-7-oracle/jre/lib/charsets.jar
7fef256ec000-7fef256ee000 r--s 00019000 fc:00 918406                     /usr/lib/jvm/java-7-oracle/jre/lib/jce.jar
7fef256ee000-7fef256f2000 r--s 0002a000 fc:02 2626179                    /home/ashihaby/programs/play-2.1.0/framework/sbt/boot/scala-2.9.2/org.scala-sbt/sbt/0.12.2/compiler-interface-bin_2.10.0/compiler-interface-bin-0.12.2.jar
7fef256f2000-7fef256f5000 ---p 00000000 00:00 0 
7fef256f5000-7fef257f3000 rw-p 00000000 00:00 0                          [stack:17425]
7fef257f3000-7fef257f6000 ---p 00000000 00:00 0 
7fef257f6000-7fef258f4000 rw-p 00000000 00:00 0 
7fef258f4000-7fef258f7000 ---p 00000000 00:00 0 
7fef258f7000-7fef259f5000 rw-p 00000000 00:00 0                          [stack:22114]
7fef259f5000-7fef259f8000 ---p 00000000 00:00 0 
7fef259f8000-7fef25af6000 rw-p 00000000 00:00 0                          [stack:17422]
7fef25af6000-7fef25af9000 ---p 00000000 00:00 0 
7fef25af9000-7fef25bf7000 rw-p 00000000 00:00 0 
7fef25bf7000-7fef25bfa000 ---p 00000000 00:00 0 
7fef25bfa000-7fef25cf8000 rw-p 00000000 00:00 0                          [stack:22108]
7fef25cf8000-7fef25cfb000 ---p 00000000 00:00 0 
7fef25cfb000-7fef25df9000 rw-p 00000000 00:00 0                          [stack:22087]
7fef25df9000-7fef25dfc000 ---p 00000000 00:00 0 
7fef25dfc000-7fef25efa000 rw-p 00000000 00:00 0                          [stack:22086]
7fef25efa000-7fef25efd000 ---p 00000000 00:00 0 
7fef25efd000-7fef25ffb000 rw-p 00000000 00:00 0                          [stack:22083]
7fef25ffb000-7fef25ffe000 ---p 00000000 00:00 0 
7fef25ffe000-7fef260fc000 rw-p 00000000 00:00 0                          [stack:22081]
7fef260fc000-7fef260ff000 ---p 00000000 00:00 0 
7fef260ff000-7fef261fd000 rw-p 00000000 00:00 0                          [stack:22084]
7fef261fd000-7fef26203000 r--s 00043000 fc:02 4851345                    /home/ashihaby/programs/play-2.1.0/repository/local/play/anorm_2.10/2.1.0/jars/anorm_2.10.jar
7fef26203000-7fef26208000 r--s 0002d000 fc:02 4851720                    /home/ashihaby/programs/play-2.1.0/repository/local/tyrex/tyrex/1.0.1/jars/tyrex.jar
7fef26208000-7fef2620a000 r--s 0001b000 fc:02 4721787                    /home/ashihaby/programs/play-2.1.0/repository/local/com.jolbox/bonecp/0.7.1.RELEASE/bundles/bonecp.jar
7fef2620a000-7fef2620d000 r--s 00012000 fc:02 4849734                    /home/ashihaby/programs/play-2.1.0/repository/local/javax.servlet/javax.servlet-api/3.0.1/jars/javax.servlet-api.jar
7fef2620d000-7fef2620f000 r--s 00006000 fc:02 3544774                    /home/ashihaby/programs/play-2.1.0/repository/local/com.google.code.findbugs/jsr305/2.0.1/jars/jsr305.jar
7fef2620f000-7fef26233000 r--s 001aa000 fc:02 3804461                    /home/ashihaby/programs/play-2.1.0/repository/local/com.google.guava/guava/13.0.1/jars/guava.jar
7fef26233000-7fef26236000 r--s 00017000 fc:02 4850555                    /home/ashihaby/programs/play-2.1.0/repository/local/org.reflections/reflections/0.9.8/jars/reflections.jar
7fef26236000-7fef26242000 r--s 00085000 fc:02 4851275                    /home/ashihaby/programs/play-2.1.0/repository/local/org.springframework/spring-beans/3.1.2.RELEASE/jars/spring-beans.jar
7fef26242000-7fef2624c000 r--s 00064000 fc:02 4851295                    /home/ashihaby/programs/play-2.1.0/repository/local/org.springframework/spring-core/3.1.2.RELEASE/jars/spring-core.jar
7fef2624c000-7fef26261000 r--s 000b7000 fc:02 4851285                    /home/ashihaby/programs/play-2.1.0/repository/local/org.springframework/spring-context/3.1.2.RELEASE/jars/spring-context.jar
7fef26261000-7fef26263000 r--s 0000d000 fc:02 4850479                    /home/ashihaby/programs/play-2.1.0/repository/local/org.jboss.logging/jboss-logging/3.1.0.CR2/jars/jboss-logging.jar
7fef26263000-7fef26266000 r--s 00009000 fc:02 4849756                    /home/ashihaby/programs/play-2.1.0/repository/local/javax.validation/validation-api/1.0.0.GA/jars/validation-api.jar
7fef26266000-7fef26272000 r--s 00069000 fc:02 4850433                    /home/ashihaby/programs/play-2.1.0/repository/local/org.hibernate/hibernate-validator/4.3.0.Final/jars/hibernate-validator.jar
7fef26272000-7fef26279000 r--s 0003b000 fc:02 4851330                    /home/ashihaby/programs/play-2.1.0/repository/local/org.yaml/snakeyaml/1.10/bundles/snakeyaml.jar
7fef26279000-7fef2627c000 r--s 00015000 fc:02 4851513                    /home/ashihaby/programs/play-2.1.0/repository/local/play/play-java_2.10/2.1.0/jars/play-java_2.10.jar
7fef2627c000-7fef26282000 r--s 0002d000 fc:02 4851534                    /home/ashihaby/programs/play-2.1.0/repository/local/play/play-jdbc_2.10/2.1.0/jars/play-jdbc_2.10.jar
7fef26282000-7fef26288000 r--s 0005d000 fc:02 5773190                    /home/ashihaby/programs/play-2.1.0/repository/cache/spy/spymemcached/jars/spymemcached-2.8.9.jar
7fef26288000-7fef26289000 r--s 0000e000 fc:02 7343454                    /home/ashihaby/programs/play-2.1.0/repository/local/shared-session/shared-session_2.10/1.0-SNAPSHOT/jars/shared-session_2.10.jar
7fef26289000-7fef262bc000 r--s 002ce000 fc:02 4850629                    /home/ashihaby/programs/play-2.1.0/repository/local/org.scala-lang/scala-reflect/2.10.0/jars/scala-reflect.jar
7fef262bc000-7fef262bd000 r--s 00003000 fc:02 4849745                    /home/ashihaby/programs/play-2.1.0/repository/local/javax.transaction/jta/1.1/jars/jta.jar
7fef262bd000-7fef262d8000 r--s 0012b000 fc:02 4849939                    /home/ashihaby/programs/play-2.1.0/repository/local/net.sf.ehcache/ehcache-core/2.6.0/jars/ehcache-core.jar
7fef262d8000-7fef262e7000 r--s 000b0000 fc:02 4850323                    /home/ashihaby/programs/play-2.1.0/repository/local/org.codehaus.jackson/jackson-mapper-asl/1.9.10/jars/jackson-mapper-asl.jar
7fef262e7000-7fef262eb000 r--s 00035000 fc:02 4850313                    /home/ashihaby/programs/play-2.1.0/repository/local/org.codehaus.jackson/jackson-core-asl/1.9.10/jars/jackson-core-asl.jar
7fef262eb000-7fef262f3000 r--s 00040000 fc:02 4850111                    /home/ashihaby/programs/play-2.1.0/repository/local/org.apache.httpcomponents/httpclient/4.0.1/jars/httpclient.jar
7fef262f3000-7fef262f8000 r--s 00026000 fc:02 4850157                    /home/ashihaby/programs/play-2.1.0/repository/local/org.apache.httpcomponents/httpcore/4.0.1/jars/httpcore.jar
7fef262f8000-7fef262f9000 r--s 00001000 fc:02 4850005                    /home/ashihaby/programs/play-2.1.0/repository/local/oauth.signpost/signpost-commonshttp4/1.2.1.2/jars/signpost-commonshttp4.jar
7fef262f9000-7fef262fb000 r--s 0000a000 fc:02 4721975                    /home/ashihaby/programs/play-2.1.0/repository/local/commons-codec/commons-codec/1.3/jars/commons-codec.jar
7fef262fb000-7fef262fe000 r--s 00009000 fc:02 4850015                    /home/ashihaby/programs/play-2.1.0/repository/local/oauth.signpost/signpost-core/1.2.1.2/jars/signpost-core.jar
7fef262fe000-7fef26307000 r--s 0006c000 fc:02 4721819                    /home/ashihaby/programs/play-2.1.0/repository/local/com.ning/async-http-client/1.7.6/jars/async-http-client.jar
7fef26307000-7fef2630d000 r--s 00048000 fc:02 4850069                    /home/ashihaby/programs/play-2.1.0/repository/local/org.apache.commons/commons-lang3/3.1/jars/commons-lang3.jar
7fef2630d000-7fef2630f000 r--s 00008000 fc:02 4850490                    /home/ashihaby/programs/play-2.1.0/repository/local/org.joda/joda-convert/1.2/jars/joda-convert.jar
7fef2630f000-7fef2631f000 r--s 0007c000 fc:02 4849787                    /home/ashihaby/programs/play-2.1.0/repository/local/joda-time/joda-time/2.1/jars/joda-time.jar
7fef2631f000-7fef26321000 r--s 00005000 fc:02 4851170                    /home/ashihaby/programs/play-2.1.0/repository/local/org.slf4j/slf4j-api/1.7.2/jars/slf4j-api.jar
7fef26321000-7fef26323000 r--s 00002000 fc:02 4721900                    /home/ashihaby/programs/play-2.1.0/repository/local/com.typesafe.akka/akka-slf4j_2.10/2.1.0/bundles/akka-slf4j_2.10.jar
7fef26323000-7fef26340000 r--s 001b2000 fc:02 4721890                    /home/ashihaby/programs/play-2.1.0/repository/local/com.typesafe.akka/akka-actor_2.10/2.1.0/bundles/akka-actor_2.10.jar
7fef26340000-7fef26346000 r--s 00038000 fc:02 1839000                    /home/ashihaby/programs/play-2.1.0/repository/local/ch.qos.logback/logback-classic/1.0.7/jars/logback-classic.jar
7fef26346000-7fef2634e000 r--s 00051000 fc:02 1968862                    /home/ashihaby/programs/play-2.1.0/repository/local/ch.qos.logback/logback-core/1.0.7/jars/logback-core.jar
7fef2634e000-7fef26350000 r--s 00003000 fc:02 4851136                    /home/ashihaby/programs/play-2.1.0/repository/local/org.slf4j/jcl-over-slf4j/1.6.6/jars/jcl-over-slf4j.jar
7fef26350000-7fef26352000 r-xp 00000000 fc:02 5774                       /home/ashihaby/workspace/shared-session/samples/shared-session-sample/target/native_libraries/64bits/libjnotify.so
7fef26352000-7fef26551000 ---p 00002000 fc:02 5774                       /home/ashihaby/workspace/shared-session/samples/shared-session-sample/target/native_libraries/64bits/libjnotify.so
7fef26551000-7fef26552000 r--p 00001000 fc:02 5774                       /home/ashihaby/workspace/shared-session/samples/shared-session-sample/target/native_libraries/64bits/libjnotify.so
7fef26552000-7fef26553000 rw-p 00002000 fc:02 5774                       /home/ashihaby/workspace/shared-session/samples/shared-session-sample/target/native_libraries/64bits/libjnotify.so
7fef26553000-7fef26569000 r--s 000fe000 fc:02 4849719                    /home/ashihaby/programs/play-2.1.0/repository/local/io.netty/netty/3.5.9.Final/bundles/netty.jar
7fef26569000-7fef26571000 r--s 0008d000 fc:02 4850964                    /home/ashihaby/programs/play-2.1.0/repository/local/org.scala-stm/scala-stm_2.10.0/0.6/jars/scala-stm_2.10.0.jar
7fef26571000-7fef26580000 r--s 0008e000 fc:02 4851429                    /home/ashihaby/programs/play-2.1.0/repository/local/play/play-iteratees_2.10/2.1.0/jars/play-iteratees_2.10.jar
7fef26580000-7fef26583000 r--s 00010000 fc:02 4721808                    /home/ashihaby/programs/play-2.1.0/repository/local/com.jsuereth/scala-arm_2.10/1.3/jars/scala-arm_2.10.jar
7fef26583000-7fef26598000 r--s 00128000 fc:02 2626172                    /home/ashihaby/programs/play-2.1.0/repository/local/com.github.scala-incubator.io/scala-io-core_2.10/0.4.2/jars/scala-io-core_2.10.jar
7fef26598000-7fef265a0000 r--s 00063000 fc:02 3020646                    /home/ashihaby/programs/play-2.1.0/repository/local/com.github.scala-incubator.io/scala-io-file_2.10/0.4.2/jars/scala-io-file_2.10.jar
7fef265a0000-7fef265a2000 r--s 00008000 fc:02 4851687                    /home/ashihaby/programs/play-2.1.0/repository/local/play/templates_2.10/2.1.0/jars/templates_2.10.jar
7fef265a2000-7fef26613000 r--s 00658000 fc:02 3020664                    /home/ashihaby/programs/play-2.1.0/framework/sbt/boot/scala-2.10.0/lib/scala-library.jar
7fef26613000-7fef26706000 r--s 00c8c000 fc:02 3020666                    /home/ashihaby/programs/play-2.1.0/framework/sbt/boot/scala-2.10.0/lib/scala-compiler.jar
7fef26706000-7fef26709000 ---p 00000000 00:00 0 
7fef26709000-7fef26807000 rw-p 00000000 00:00 0                          [stack:17391]
7fef26807000-7fef2680a000 ---p 00000000 00:00 0 
7fef2680a000-7fef26908000 rw-p 00000000 00:00 0                          [stack:22080]
7fef26908000-7fef2690b000 ---p 00000000 00:00 0 
7fef2690b000-7fef26a09000 rw-p 00000000 00:00 0                          [stack:22088]
7fef26a09000-7fef26a0c000 ---p 00000000 00:00 0 
7fef26a0c000-7fef26b0a000 rw-p 00000000 00:00 0                          [stack:22085]
7fef26b0a000-7fef26b0d000 ---p 00000000 00:00 0 
7fef26b0d000-7fef26c0b000 rw-p 00000000 00:00 0                          [stack:22082]
7fef26c0b000-7fef26c0e000 ---p 00000000 00:00 0 
7fef26c0e000-7fef26c33000 rw-p 00000000 00:00 0                          [stack:22154]
7fef26c33000-7fef26c36000 r--s 00017000 fc:02 2496426                    /home/ashihaby/programs/play-2.1.0/framework/sbt/boot/scala-2.9.2/org.scala-sbt/sbt/0.12.2/logging-0.12.2.jar
7fef26c36000-7fef26c3b000 r--s 00041000 fc:02 2496431                    /home/ashihaby/programs/play-2.1.0/framework/sbt/boot/scala-2.9.2/org.scala-sbt/sbt/0.12.2/actions-0.12.2.jar
7fef26c3b000-7fef26c3e000 r--s 00019000 fc:02 2496449                    /home/ashihaby/programs/play-2.1.0/framework/sbt/boot/scala-2.9.2/org.scala-sbt/sbt/0.12.2/cache-0.12.2.jar
7fef26c3e000-7fef26c40000 r--s 00013000 fc:02 2496438                    /home/ashihaby/programs/play-2.1.0/framework/sbt/boot/scala-2.9.2/org.scala-sbt/sbt/0.12.2/testing-0.12.2.jar
7fef26c40000-7fef26c42000 r--s 00008000 fc:02 2496437                    /home/ashihaby/programs/play-2.1.0/framework/sbt/boot/scala-2.9.2/org.scala-sbt/sbt/0.12.2/commons-logging-1.0.4.jar
7fef26c42000-7fef26c44000 r--s 0000a000 fc:02 2496424                    /home/ashihaby/programs/play-2.1.0/framework/sbt/boot/scala-2.9.2/org.scala-sbt/sbt/0.12.2/compiler-integration-0.12.2.jar
7fef26c44000-7fef26c47000 r--s 00014000 fc:02 2496453                    /home/ashihaby/programs/play-2.1.0/framework/sbt/boot/scala-2.9.2/org.scala-sbt/sbt/0.12.2/run-0.12.2.jar
7fef26c47000-7fef26c49000 r--s 00013000 fc:02 2496430                    /home/ashihaby/programs/play-2.1.0/framework/sbt/boot/scala-2.9.2/org.scala-sbt/sbt/0.12.2/classpath-0.12.2.jar
7fef26c49000-7fef26c4d000 r--s 00029000 fc:02 2496451                    /home/ashihaby/programs/play-2.1.0/framework/sbt/boot/scala-2.9.2/org.scala-sbt/sbt/0.12.2/incremental-compiler-0.12.2.jar
7fef26c4d000-7fef26c4f000 r--s 00000000 fc:02 2496425                    /home/ashihaby/programs/play-2.1.0/framework/sbt/boot/scala-2.9.2/org.scala-sbt/sbt/0.12.2/test-interface-0.5.jar
7fef26c4f000-7fef26c55000 r--s 00045000 fc:02 2496446                    /home/ashihaby/programs/play-2.1.0/framework/sbt/boot/scala-2.9.2/org.scala-sbt/sbt/0.12.2/commons-httpclient-3.1.jar
7fef26c55000-7fef26c58000 r--s 0001b000 fc:02 2496452                    /home/ashihaby/programs/play-2.1.0/framework/sbt/boot/scala-2.9.2/org.scala-sbt/sbt/0.12.2/tasks-0.12.2.jar
7fef26c58000-7fef26c60000 r--s 0004d000 fc:02 2496429                    /home/ashihaby/programs/play-2.1.0/framework/sbt/boot/scala-2.9.2/org.scala-sbt/sbt/0.12.2/api-0.12.2.jar
7fef26c60000-7fef26c61000 r--s 00004000 fc:02 2496464                    /home/ashihaby/programs/play-2.1.0/framework/sbt/boot/scala-2.9.2/org.scala-sbt/sbt/0.12.2/sbt-0.12.2.jar
7fef26c61000-7fef26c84000 r--s 001cc000 fc:02 2496421                    /home/ashihaby/programs/play-2.1.0/framework/sbt/boot/scala-2.9.2/org.scala-sbt/sbt/0.12.2/main-0.12.2.jar
7fef26c84000-7fef26c87000 r--s 00011000 fc:02 2496428                    /home/ashihaby/programs/play-2.1.0/framework/sbt/boot/scala-2.9.2/org.scala-sbt/sbt/0.12.2/classfile-0.12.2.jar
7fef26c87000-7fef26c89000 r--s 00002000 fc:02 2496463                    /home/ashihaby/programs/play-2.1.0/framework/sbt/boot/scala-2.9.2/org.scala-sbt/sbt/0.12.2/control-0.12.2.jar
7fef26c89000-7fef26c90000 r--s 0004f000 fc:02 2496454                    /home/ashihaby/programs/play-2.1.0/framework/sbt/boot/scala-2.9.2/org.scala-sbt/sbt/0.12.2/completion-0.12.2.jar
7fef26c90000-7fef26c94000 r--s 0002e000 fc:02 2496465                    /home/ashihaby/programs/play-2.1.0/framework/sbt/boot/scala-2.9.2/org.scala-sbt/sbt/0.12.2/command-0.12.2.jar
7fef26c94000-7fef26c98000 r--s 0001c000 fc:02 2496435                    /home/ashihaby/programs/play-2.1.0/framework/sbt/boot/scala-2.9.2/org.scala-sbt/sbt/0.12.2/persist-0.12.2.jar
7fef26c98000-7fef26c9a000 r--s 00001000 fc:02 2496422                    /home/ashihaby/programs/play-2.1.0/framework/sbt/boot/scala-2.9.2/org.scala-sbt/sbt/0.12.2/launcher-interface-0.12.2.jar
7fef26c9a000-7fef26c9d000 r--s 0001a000 fc:02 2496427                    /home/ashihaby/programs/play-2.1.0/framework/sbt/boot/scala-2.9.2/org.scala-sbt/sbt/0.12.2/process-0.12.2.jar
7fef26c9d000-7fef26ca0000 r--s 00022000 fc:02 2496440                    /home/ashihaby/programs/play-2.1.0/framework/sbt/boot/scala-2.9.2/org.scala-sbt/sbt/0.12.2/sbinary_2.9.0-0.4.0.jar
7fef26ca0000-7fef26cab000 r--s 00090000 fc:02 2496459                    /home/ashihaby/programs/play-2.1.0/framework/sbt/boot/scala-2.9.2/org.scala-sbt/sbt/0.12.2/ivy-0.12.2.jar
7fef26cab000-7fef26cad000 r--s 00009000 fc:02 2496450                    /home/ashihaby/programs/play-2.1.0/framework/sbt/boot/scala-2.9.2/org.scala-sbt/sbt/0.12.2/tracking-0.12.2.jar
7fef26cad000-7fef26cb1000 r--s 00034000 fc:02 2496436                    /home/ashihaby/programs/play-2.1.0/framework/sbt/boot/scala-2.9.2/org.scala-sbt/sbt/0.12.2/jsch-0.1.46.jar
7fef26cb1000-7fef26cb7000 r--s 00044000 fc:02 2496441                    /home/ashihaby/programs/play-2.1.0/framework/sbt/boot/scala-2.9.2/org.scala-sbt/sbt/0.12.2/collections-0.12.2.jar
7fef26cb7000-7fef26cb9000 r--s 00015000 fc:02 2496456                    /home/ashihaby/programs/play-2.1.0/framework/sbt/boot/scala-2.9.2/org.scala-sbt/sbt/0.12.2/jline-1.0.jar
7fef26cb9000-7fef26cbb000 r--s 00006000 fc:02 2496439                    /home/ashihaby/programs/play-2.1.0/framework/sbt/boot/scala-2.9.2/org.scala-sbt/sbt/0.12.2/commons-codec-1.2.jar
7fef26cbb000-7fef26cbc000 r--s 00002000 fc:02 2496448                    /home/ashihaby/programs/play-2.1.0/framework/sbt/boot/scala-2.9.2/org.scala-sbt/sbt/0.12.2/test-agent-0.12.2.jar
7fef26cbc000-7fef26cbf000 r--s 0001e000 fc:02 2496447                    /home/ashihaby/programs/play-2.1.0/framework/sbt/boot/scala-2.9.2/org.scala-sbt/sbt/0.12.2/compile-0.12.2.jar
7fef26cbf000-7fef26cc2000 r--s 0001c000 fc:02 2496457                    /home/ashihaby/programs/play-2.1.0/framework/sbt/boot/scala-2.9.2/org.scala-sbt/sbt/0.12.2/task-system-0.12.2.jar
7fef26cc2000-7fef26cd7000 r--s 00114000 fc:02 2496432                    /home/ashihaby/programs/play-2.1.0/framework/sbt/boot/scala-2.9.2/org.scala-sbt/sbt/0.12.2/ivy-2.3.0-rc1.jar
7fef26cd7000-7fef26cd9000 r--s 00001000 fc:02 2496455                    /home/ashihaby/programs/play-2.1.0/framework/sbt/boot/scala-2.9.2/org.scala-sbt/sbt/0.12.2/compiler-ivy-integration-0.12.2.jar
7fef26cd9000-7fef26cdf000 r--s 0003b000 fc:02 2496458                    /home/ashihaby/programs/play-2.1.0/framework/sbt/boot/scala-2.9.2/org.scala-sbt/sbt/0.12.2/io-0.12.2.jar
7fef26cdf000-7fef26d5d000 r--s 007f5000 fc:02 2626190                    /home/ashihaby/programs/play-2.1.0/framework/sbt/boot/scala-2.9.2/lib/scala-library.jar
7fef26d5d000-7fef26d60000 r--s 00024000 fc:02 2626188                    /home/ashihaby/programs/play-2.1.0/framework/sbt/boot/scala-2.9.2/lib/jline.jar
7fef26d60000-7fef26e27000 r--s 00a25000 fc:02 2626189                    /home/ashihaby/programs/play-2.1.0/framework/sbt/boot/scala-2.9.2/lib/scala-compiler.jar
7fef26e27000-7fef26e2a000 r--s 00018000 fc:02 2626191                    /home/ashihaby/programs/play-2.1.0/framework/sbt/boot/scala-2.9.2/lib/jansi.jar
7fef26e2a000-7fef26e3a000 r-xp 00000000 fc:00 1048201                    /usr/lib/jvm/java-7-oracle/jre/lib/amd64/libnio.so
7fef26e3a000-7fef2703a000 ---p 00010000 fc:00 1048201                    /usr/lib/jvm/java-7-oracle/jre/lib/amd64/libnio.so
7fef2703a000-7fef2703b000 rw-p 00010000 fc:00 1048201                    /usr/lib/jvm/java-7-oracle/jre/lib/amd64/libnio.so
7fef2703b000-7fef27050000 r-xp 00000000 fc:00 1048252                    /usr/lib/jvm/java-7-oracle/jre/lib/amd64/libnet.so
7fef27050000-7fef27250000 ---p 00015000 fc:00 1048252                    /usr/lib/jvm/java-7-oracle/jre/lib/amd64/libnet.so
7fef27250000-7fef27251000 rw-p 00015000 fc:00 1048252                    /usr/lib/jvm/java-7-oracle/jre/lib/amd64/libnet.so
7fef27251000-7fef27254000 r--s 000cf000 fc:02 1314833                    /home/ashihaby/programs/play-2.1.0/framework/sbt/boot/other/net.java.dev.jna/jna/3.2.3/jna-3.2.3.jar
7fef27254000-7fef2726a000 r--s 000f8000 fc:02 791803                     /home/ashihaby/programs/play-2.1.0/framework/sbt/sbt-launch.jar
7fef2726a000-7fef2726b000 ---p 00000000 00:00 0 
7fef2726b000-7fef2736b000 rw-p 00000000 00:00 0                          [stack:17355]
7fef2736b000-7fef2736e000 ---p 00000000 00:00 0 
7fef2736e000-7fef2746c000 rw-p 00000000 00:00 0                          [stack:17354]
7fef2746c000-7fef2746f000 ---p 00000000 00:00 0 
7fef2746f000-7fef2756d000 rw-p 00000000 00:00 0                          [stack:17353]
7fef2756d000-7fef27570000 ---p 00000000 00:00 0 
7fef27570000-7fef2766e000 rw-p 00000000 00:00 0                          [stack:17352]
7fef2766e000-7fef27671000 ---p 00000000 00:00 0 
7fef27671000-7fef2776f000 rw-p 00000000 00:00 0                          [stack:17351]
7fef2776f000-7fef278f9000 r--p 00000000 fc:00 130306                     /usr/lib/locale/locale-archive
7fef278f9000-7fef278fc000 ---p 00000000 00:00 0 
7fef278fc000-7fef279fa000 rw-p 00000000 00:00 0                          [stack:17350]
7fef279fa000-7fef279fd000 ---p 00000000 00:00 0 
7fef279fd000-7fef27afb000 rw-p 00000000 00:00 0                          [stack:17349]
7fef27afb000-7fef27afc000 ---p 00000000 00:00 0 
7fef27afc000-7fef28000000 rw-p 00000000 00:00 0                          [stack:17348]
7fef28000000-7fef28021000 rw-p 00000000 00:00 0 
7fef28021000-7fef2c000000 ---p 00000000 00:00 0 
7fef2c000000-7fef2c001000 r--s 00001000 fc:02 4851146                    /home/ashihaby/programs/play-2.1.0/repository/local/org.slf4j/jul-to-slf4j/1.6.6/jars/jul-to-slf4j.jar
7fef2c001000-7fef2c059000 r--s 0040c000 fc:02 4851576                    /home/ashihaby/programs/play-2.1.0/repository/local/play/play_2.10/2.1.0/jars/play_2.10.jar
7fef2c059000-7fef2c08c000 r--s 002ce000 fc:02 3020665                    /home/ashihaby/programs/play-2.1.0/framework/sbt/boot/scala-2.10.0/lib/scala-reflect.jar
7fef2c08c000-7fef2c08f000 r--s 00024000 fc:02 4849681                    /home/ashihaby/programs/play-2.1.0/repository/local/commons-io/commons-io/2.0.1/jars/commons-io.jar
7fef2c08f000-7fef2c097000 r--s 00046000 fc:02 1708981                    /home/ashihaby/programs/play-2.1.0/repository/cache/scala_2.9.2/sbt_0.12/com.typesafe.sbtidea/sbt-idea/jars/sbt-idea-1.1.1.jar
7fef2c097000-7fef2c0fd000 r--s 003df000 fc:02 4851008                    /home/ashihaby/programs/play-2.1.0/repository/local/org.scalaz/scalaz-core_2.9.2/6.0.4/jars/scalaz-core_2.9.2.jar
7fef2c0fd000-7fef30000000 rw-p 00000000 00:00 0 
7fef30000000-7fef30028000 rw-p 00000000 00:00 0 
7fef30028000-7fef34000000 ---p 00000000 00:00 0 
7fef34000000-7fef3400a000 r--s 00254000 fc:00 918400                     /usr/lib/jvm/java-7-oracle/jre/lib/resources.jar
7fef3400a000-7fef34010000 r--s 00039000 fc:02 1708983                    /home/ashihaby/programs/play-2.1.0/repository/cache/scala_2.9.2/sbt_0.12/com.typesafe.sbteclipse/sbteclipse-core/jars/sbteclipse-core-2.1.1.jar
7fef34010000-7fef34011000 r--s 00001000 fc:02 1708979                    /home/ashihaby/programs/play-2.1.0/repository/cache/scala_2.9.2/sbt_0.12/com.typesafe.sbteclipse/sbteclipse-plugin/jars/sbteclipse-plugin-2.1.1.jar
7fef34011000-7fef34014000 r--s 0009f000 fc:02 4849839                    /home/ashihaby/programs/play-2.1.0/repository/local/net.contentobjects.jnotify/jnotify/0.94/jars/jnotify.jar
7fef34014000-7fef34015000 r--s 00004000 fc:02 791811                     /home/ashihaby/programs/play-2.1.0/repository/local/asm/asm-analysis/3.3.1/jars/asm-analysis.jar
7fef34015000-7fef34017000 r--s 00004000 fc:02 1314786                    /home/ashihaby/programs/play-2.1.0/repository/local/asm/asm-tree/3.3.1/jars/asm-tree.jar
7fef34017000-7fef34019000 r--s 00008000 fc:02 1576243                    /home/ashihaby/programs/play-2.1.0/repository/local/asm/asm-util/3.3.1/jars/asm-util.jar
7fef34019000-7fef3401a000 r--s 0000a000 fc:02 659986                     /home/ashihaby/programs/play-2.1.0/repository/local/asm/asm/3.3.1/jars/asm.jar
7fef3401a000-7fef3401c000 r--s 00013000 fc:02 4850533                    /home/ashihaby/programs/play-2.1.0/repository/local/org.parboiled/parboiled-java/1.0.2/jars/parboiled-java.jar
7fef3401c000-7fef34021000 r--s 0002f000 fc:02 4850523                    /home/ashihaby/programs/play-2.1.0/repository/local/org.parboiled/parboiled-core/1.0.2/jars/parboiled-core.jar
7fef34021000-7fef34023000 r--s 0000d000 fc:02 4850544                    /home/ashihaby/programs/play-2.1.0/repository/local/org.pegdown/pegdown/1.1.0/jars/pegdown.jar
7fef34023000-7fef3402d000 r--s 0012f000 fc:02 4721760                    /home/ashihaby/programs/play-2.1.0/repository/local/com.h2database/h2/1.3.168/jars/h2.jar
7fef3402d000-7fef34046000 r--s 0014c000 fc:02 4850261                    /home/ashihaby/programs/play-2.1.0/repository/local/org.avaje.ebeanorm/avaje-ebeanorm-server/3.1.2/jars/avaje-ebeanorm-server.jar
7fef34046000-7fef34049000 r--s 0002a000 fc:02 4850241                    /home/ashihaby/programs/play-2.1.0/repository/local/org.avaje.ebeanorm/avaje-ebeanorm-agent/3.1.1/jars/avaje-ebeanorm-agent.jar
7fef34049000-7fef34051000 r--s 0003f000 fc:02 4850251                    /home/ashihaby/programs/play-2.1.0/repository/local/org.avaje.ebeanorm/avaje-ebeanorm-api/3.1.1/jars/avaje-ebeanorm-api.jar
7fef34051000-7fef34052000 r--s 00000000 fc:02 4850231                    /home/ashihaby/programs/play-2.1.0/repository/local/org.avaje.ebeanorm/avaje-ebeanorm/3.1.2/jars/avaje-ebeanorm.jar
7fef34052000-7fef34070000 r--s 00151000 fc:02 3675905                    /home/ashihaby/programs/play-2.1.0/repository/local/com.google.guava/guava/10.0.1/jars/guava.jar
7fef34070000-7fef340a1000 r--s 0030d000 fc:02 4592314                    /home/ashihaby/programs/play-2.1.0/repository/local/com.google.javascript/closure-compiler/rr2079.1/jars/closure-compiler.jar
7fef340a1000-7fef340aa000 r--s 000cc000 fc:02 4851709                    /home/ashihaby/programs/play-2.1.0/repository/local/rhino/js/1.7R2/jars/js.jar
7fef340aa000-7fef340ae000 r--s 0002a000 fc:02 4721837                    /home/ashihaby/programs/play-2.1.0/repository/local/com.typesafe/config/1.0.0/bundles/config.jar
7fef340ae000-7fef340c4000 r--s 00132000 fc:02 2754488                    /home/ashihaby/programs/play-2.1.0/repository/local/com.github.scala-incubator.io/scala-io-core_2.9.1/0.4.0-seq/jars/scala-io-core_2.9.1.jar
7fef340c4000-7fef340cb000 r--s 00058000 fc:02 3151151                    /home/ashihaby/programs/play-2.1.0/repository/local/com.github.scala-incubator.io/scala-io-file_2.9.1/0.4.0-seq/jars/scala-io-file_2.9.1.jar
7fef340cb000-7fef340cf000 r--s 00031000 fc:02 4721771                    /home/ashihaby/programs/play-2.1.0/repository/local/com.jcraft/jsch/0.1.44-1/jars/jsch.jar
7fef340cf000-7fef340e9000 r--s 0015d000 fc:02 4850361                    /home/ashihaby/programs/play-2.1.0/repository/local/org.eclipse.jgit/org.eclipse.jgit/1.3.0.201202151440-r/jars/org.eclipse.jgit.jar
7fef340e9000-7fef340eb000 r--s 00002000 fc:02 4849860                    /home/ashihaby/programs/play-2.1.0/repository/local/net.databinder/dispatch-futures_2.9.1/0.8.6/jars/dispatch-futures_2.9.1.jar
7fef340eb000-7fef340ed000 r--s 0000d000 fc:02 4721984                    /home/ashihaby/programs/play-2.1.0/repository/local/commons-codec/commons-codec/1.4/jars/commons-codec.jar
7fef340ed000-7fef340ef000 r--s 0000d000 fc:02 4849712                    /home/ashihaby/programs/play-2.1.0/repository/local/commons-logging/commons-logging/1.1.1/jars/commons-logging.jar
7fef340ef000-7fef340f4000 r--s 00028000 fc:02 4850166                    /home/ashihaby/programs/play-2.1.0/repository/local/org.apache.httpcomponents/httpcore/4.1.2/jars/httpcore.jar
7fef340f4000-7fef340fc000 r--s 0004e000 fc:02 4850120                    /home/ashihaby/programs/play-2.1.0/repository/local/org.apache.httpcomponents/httpclient/4.1.2/jars/httpclient.jar
7fef340fc000-7fef34100000 r--s 0001a000 fc:02 4849850                    /home/ashihaby/programs/play-2.1.0/repository/local/net.databinder/dispatch-core_2.9.1/0.8.6/jars/dispatch-core_2.9.1.jar
7fef34100000-7fef35000000 rw-p 00000000 00:00 0 
7fef35000000-7fef35680000 rwxp 00000000 00:00 0 
7fef35680000-7fef39158000 rw-p 00000000 00:00 0 
7fef39158000-7fef3c000000 ---p 00000000 00:00 0 
7fef3c000000-7fef3c003000 r--s 00018000 fc:02 3020667                    /home/ashihaby/programs/play-2.1.0/framework/sbt/boot/scala-2.10.0/lib/jansi.jar
7fef3c003000-7fef3c00d000 r--s 00047000 fc:02 4851673                    /home/ashihaby/programs/play-2.1.0/repository/local/play/templates-compiler_2.9.2/2.1.0/jars/templates-compiler_2.9.2.jar
7fef3c00d000-7fef3c011000 r--s 00089000 fc:00 918372                     /usr/lib/jvm/java-7-oracle/jre/lib/jsse.jar
7fef3c011000-7fef3c02e000 r--s 001a5000 fc:02 4721884                    /home/ashihaby/programs/play-2.1.0/repository/local/com.typesafe.akka/akka-actor/2.0.1/jars/akka-actor.jar
7fef3c02e000-7fef3c030000 r--s 0000f000 fc:02 2233604                    /home/ashihaby/programs/play-2.1.0/repository/local/com.github.jsuereth.scala-arm/scala-arm_2.9.1/1.1/jars/scala-arm_2.9.1.jar
7fef3c030000-7fef3c047000 r--s 00146000 fc:02 2890200                    /home/ashihaby/programs/play-2.1.0/repository/local/com.github.scala-incubator.io/scala-io-core_2.9.2/0.4.1/jars/scala-io-core_2.9.2.jar
7fef3c047000-7fef3c04e000 r--s 00059000 fc:02 3282081                    /home/ashihaby/programs/play-2.1.0/repository/local/com.github.scala-incubator.io/scala-io-file_2.9.2/0.4.1/jars/scala-io-file_2.9.2.jar
7fef3c04e000-7fef3c05b000 r--s 0005d000 fc:02 4851619                    /home/ashihaby/programs/play-2.1.0/repository/local/play/routes-compiler_2.9.2/2.1.0/jars/routes-compiler_2.9.2.jar
7fef3c05b000-7fef3c05d000 r--s 00000000 fc:02 4851408                    /home/ashihaby/programs/play-2.1.0/repository/local/play/play-exceptions/2.1.0/jars/play-exceptions.jar
7fef3c05d000-7fef3c066000 r--s 00098000 fc:02 4850461                    /home/ashihaby/programs/play-2.1.0/repository/local/org.javassist/javassist/3.16.1-GA/jars/javassist.jar
7fef3c066000-7fef3c068000 r--s 00001000 fc:02 4851633                    /home/ashihaby/programs/play-2.1.0/repository/local/play/sbt-link/2.1.0/jars/sbt-link.jar
7fef3c068000-7fef3c077000 r--s 000c7000 fc:02 399376                     /home/ashihaby/programs/play-2.1.0/repository/cache/scala_2.9.2/sbt_0.12/play/sbt-plugin/jars/sbt-plugin-2.1.0.jar
7fef3c077000-7fef3c8ef000 rw-p 00000000 00:00 0 
7fef3c8ef000-7fef3caac000 r--s 039dc000 fc:00 918376                     /usr/lib/jvm/java-7-oracle/jre/lib/rt.jar
7fef3caac000-7fef3caad000 ---p 00000000 00:00 0 
7fef3caad000-7fef3cbad000 rw-p 00000000 00:00 0                          [stack:17347]
7fef3cbad000-7fef3cbae000 ---p 00000000 00:00 0 
7fef3cbae000-7fef3ccae000 rw-p 00000000 00:00 0                          [stack:17346]
7fef3ccae000-7fef3ccaf000 ---p 00000000 00:00 0 
7fef3ccaf000-7fef3cdaf000 rw-p 00000000 00:00 0                          [stack:17345]
7fef3cdaf000-7fef3cdb0000 ---p 00000000 00:00 0 
7fef3cdb0000-7fef3cee5000 rw-p 00000000 00:00 0                          [stack:17344]
7fef3cee5000-7fef3cf70000 rw-p 00000000 00:00 0 
7fef3cf70000-7fef3d01b000 rw-p 00000000 00:00 0 
7fef3d01b000-7fef3d170000 rw-p 00000000 00:00 0 
7fef3d170000-7fef3d1a5000 rw-p 00000000 00:00 0 
7fef3d1a5000-7fef3d230000 rw-p 00000000 00:00 0 
7fef3d230000-7fef3d2db000 rw-p 00000000 00:00 0 
7fef3d2db000-7fef3d430000 rw-p 00000000 00:00 0 
7fef3d430000-7fef3d530000 rw-p 00000000 00:00 0 
7fef3d530000-7fef3d531000 rw-p 00000000 00:00 0 
7fef3d531000-7fef3d54b000 r-xp 00000000 fc:00 1048230                    /usr/lib/jvm/java-7-oracle/jre/lib/amd64/libzip.so
7fef3d54b000-7fef3d74b000 ---p 0001a000 fc:00 1048230                    /usr/lib/jvm/java-7-oracle/jre/lib/amd64/libzip.so
7fef3d74b000-7fef3d74c000 rw-p 0001a000 fc:00 1048230                    /usr/lib/jvm/java-7-oracle/jre/lib/amd64/libzip.so
7fef3d74c000-7fef3d758000 r-xp 00000000 fc:00 5110                       /lib/x86_64-linux-gnu/libnss_files-2.15.so
7fef3d758000-7fef3d957000 ---p 0000c000 fc:00 5110                       /lib/x86_64-linux-gnu/libnss_files-2.15.so
7fef3d957000-7fef3d958000 r--p 0000b000 fc:00 5110                       /lib/x86_64-linux-gnu/libnss_files-2.15.so
7fef3d958000-7fef3d959000 rw-p 0000c000 fc:00 5110                       /lib/x86_64-linux-gnu/libnss_files-2.15.so
7fef3d959000-7fef3d963000 r-xp 00000000 fc:00 5106                       /lib/x86_64-linux-gnu/libnss_nis-2.15.so
7fef3d963000-7fef3db63000 ---p 0000a000 fc:00 5106                       /lib/x86_64-linux-gnu/libnss_nis-2.15.so
7fef3db63000-7fef3db64000 r--p 0000a000 fc:00 5106                       /lib/x86_64-linux-gnu/libnss_nis-2.15.so
7fef3db64000-7fef3db65000 rw-p 0000b000 fc:00 5106                       /lib/x86_64-linux-gnu/libnss_nis-2.15.so
7fef3db65000-7fef3db7c000 r-xp 00000000 fc:00 5124                       /lib/x86_64-linux-gnu/libnsl-2.15.so
7fef3db7c000-7fef3dd7b000 ---p 00017000 fc:00 5124                       /lib/x86_64-linux-gnu/libnsl-2.15.so
7fef3dd7b000-7fef3dd7c000 r--p 00016000 fc:00 5124                       /lib/x86_64-linux-gnu/libnsl-2.15.so
7fef3dd7c000-7fef3dd7d000 rw-p 00017000 fc:00 5124                       /lib/x86_64-linux-gnu/libnsl-2.15.so
7fef3dd7d000-7fef3dd7f000 rw-p 00000000 00:00 0 
7fef3dd7f000-7fef3dd87000 r-xp 00000000 fc:00 5114                       /lib/x86_64-linux-gnu/libnss_compat-2.15.so
7fef3dd87000-7fef3df86000 ---p 00008000 fc:00 5114                       /lib/x86_64-linux-gnu/libnss_compat-2.15.so
7fef3df86000-7fef3df87000 r--p 00007000 fc:00 5114                       /lib/x86_64-linux-gnu/libnss_compat-2.15.so
7fef3df87000-7fef3df88000 rw-p 00008000 fc:00 5114                       /lib/x86_64-linux-gnu/libnss_compat-2.15.so
7fef3df88000-7fef3dfb1000 r-xp 00000000 fc:00 1048210                    /usr/lib/jvm/java-7-oracle/jre/lib/amd64/libjava.so
7fef3dfb1000-7fef3e1b1000 ---p 00029000 fc:00 1048210                    /usr/lib/jvm/java-7-oracle/jre/lib/amd64/libjava.so
7fef3e1b1000-7fef3e1b3000 rw-p 00029000 fc:00 1048210                    /usr/lib/jvm/java-7-oracle/jre/lib/amd64/libjava.so
7fef3e1b3000-7fef3e1c0000 r-xp 00000000 fc:00 1048256                    /usr/lib/jvm/java-7-oracle/jre/lib/amd64/libverify.so
7fef3e1c0000-7fef3e3bf000 ---p 0000d000 fc:00 1048256                    /usr/lib/jvm/java-7-oracle/jre/lib/amd64/libverify.so
7fef3e3bf000-7fef3e3c1000 rw-p 0000c000 fc:00 1048256                    /usr/lib/jvm/java-7-oracle/jre/lib/amd64/libverify.so
7fef3e3c1000-7fef3e3c8000 r-xp 00000000 fc:00 5104                       /lib/x86_64-linux-gnu/librt-2.15.so
7fef3e3c8000-7fef3e5c7000 ---p 00007000 fc:00 5104                       /lib/x86_64-linux-gnu/librt-2.15.so
7fef3e5c7000-7fef3e5c8000 r--p 00006000 fc:00 5104                       /lib/x86_64-linux-gnu/librt-2.15.so
7fef3e5c8000-7fef3e5c9000 rw-p 00007000 fc:00 5104                       /lib/x86_64-linux-gnu/librt-2.15.so
7fef3e5c9000-7fef3e6c4000 r-xp 00000000 fc:00 5108                       /lib/x86_64-linux-gnu/libm-2.15.so
7fef3e6c4000-7fef3e8c3000 ---p 000fb000 fc:00 5108                       /lib/x86_64-linux-gnu/libm-2.15.so
7fef3e8c3000-7fef3e8c4000 r--p 000fa000 fc:00 5108                       /lib/x86_64-linux-gnu/libm-2.15.so
7fef3e8c4000-7fef3e8c5000 rw-p 000fb000 fc:00 5108                       /lib/x86_64-linux-gnu/libm-2.15.so
7fef3e8c5000-7fef3f30c000 r-xp 00000000 fc:00 1048241                    /usr/lib/jvm/java-7-oracle/jre/lib/amd64/server/libjvm.so
7fef3f30c000-7fef3f50c000 ---p 00a47000 fc:00 1048241                    /usr/lib/jvm/java-7-oracle/jre/lib/amd64/server/libjvm.so
7fef3f50c000-7fef3f5af000 rw-p 00a47000 fc:00 1048241                    /usr/lib/jvm/java-7-oracle/jre/lib/amd64/server/libjvm.so
7fef3f5af000-7fef3f5eb000 rw-p 00000000 00:00 0 
7fef3f5eb000-7fef3f7a0000 r-xp 00000000 fc:00 797                        /lib/x86_64-linux-gnu/libc-2.15.so
7fef3f7a0000-7fef3f99f000 ---p 001b5000 fc:00 797                        /lib/x86_64-linux-gnu/libc-2.15.so
7fef3f99f000-7fef3f9a3000 r--p 001b4000 fc:00 797                        /lib/x86_64-linux-gnu/libc-2.15.so
7fef3f9a3000-7fef3f9a5000 rw-p 001b8000 fc:00 797                        /lib/x86_64-linux-gnu/libc-2.15.so
7fef3f9a5000-7fef3f9aa000 rw-p 00000000 00:00 0 
7fef3f9aa000-7fef3f9ac000 r-xp 00000000 fc:00 66                         /lib/x86_64-linux-gnu/libdl-2.15.so
7fef3f9ac000-7fef3fbac000 ---p 00002000 fc:00 66                         /lib/x86_64-linux-gnu/libdl-2.15.so
7fef3fbac000-7fef3fbad000 r--p 00002000 fc:00 66                         /lib/x86_64-linux-gnu/libdl-2.15.so
7fef3fbad000-7fef3fbae000 rw-p 00003000 fc:00 66                         /lib/x86_64-linux-gnu/libdl-2.15.so
7fef3fbae000-7fef3fbc4000 r-xp 00000000 fc:00 1048213                    /usr/lib/jvm/java-7-oracle/jre/lib/amd64/jli/libjli.so
7fef3fbc4000-7fef3fdc4000 ---p 00016000 fc:00 1048213                    /usr/lib/jvm/java-7-oracle/jre/lib/amd64/jli/libjli.so
7fef3fdc4000-7fef3fdc5000 rw-p 00016000 fc:00 1048213                    /usr/lib/jvm/java-7-oracle/jre/lib/amd64/jli/libjli.so
7fef3fdc5000-7fef3fddd000 r-xp 00000000 fc:00 5102                       /lib/x86_64-linux-gnu/libpthread-2.15.so
7fef3fddd000-7fef3ffdc000 ---p 00018000 fc:00 5102                       /lib/x86_64-linux-gnu/libpthread-2.15.so
7fef3ffdc000-7fef3ffdd000 r--p 00017000 fc:00 5102                       /lib/x86_64-linux-gnu/libpthread-2.15.so
7fef3ffdd000-7fef3ffde000 rw-p 00018000 fc:00 5102                       /lib/x86_64-linux-gnu/libpthread-2.15.so
7fef3ffde000-7fef3ffe2000 rw-p 00000000 00:00 0 
7fef3ffe2000-7fef40004000 r-xp 00000000 fc:00 5117                       /lib/x86_64-linux-gnu/ld-2.15.so
7fef40004000-7fef40005000 r--s 00007000 fc:02 4849870                    /home/ashihaby/programs/play-2.1.0/repository/local/net.databinder/dispatch-http_2.9.1/0.8.6/jars/dispatch-http_2.9.1.jar
7fef40005000-7fef40007000 r--s 0000e000 fc:02 4849828                    /home/ashihaby/programs/play-2.1.0/repository/local/me.lessis/ls_2.9.1/0.1.2-RC2/jars/ls_2.9.1.jar
7fef40007000-7fef4000c000 r--s 00068000 fc:02 399316                     /home/ashihaby/programs/play-2.1.0/repository/local/antlr/antlr/2.7.7/jars/antlr.jar
7fef4000c000-7fef4000f000 r--s 00022000 fc:02 4850026                    /home/ashihaby/programs/play-2.1.0/repository/local/org.antlr/stringtemplate/3.2.1/jars/stringtemplate.jar
7fef4000f000-7fef40011000 r--s 00005000 fc:02 4851156                    /home/ashihaby/programs/play-2.1.0/repository/local/org.slf4j/slf4j-api/1.6.2/jars/slf4j-api.jar
7fef40011000-7fef40012000 r--s 00001000 fc:02 4850292                    /home/ashihaby/programs/play-2.1.0/repository/local/org.clapper/grizzled-slf4j_2.9.1/0.6.5/jars/grizzled-slf4j_2.9.1.jar
7fef40012000-7fef40014000 r--s 00008000 fc:02 921265                     /home/ashihaby/programs/play-2.1.0/repository/local/asm/asm-commons/3.3/jars/asm-commons.jar
7fef40014000-7fef40017000 r--s 00016000 fc:02 4850272                    /home/ashihaby/programs/play-2.1.0/repository/local/org.clapper/classutil_2.9.1/0.4.2/jars/classutil_2.9.1.jar
7fef40017000-7fef4001a000 r--s 0001b000 fc:02 4849798                    /home/ashihaby/programs/play-2.1.0/repository/local/junit/junit/3.8.1/jars/junit.jar
7fef4001a000-7fef4001c000 r--s 00014000 fc:02 4849767                    /home/ashihaby/programs/play-2.1.0/repository/local/jline/jline/0.9.94/jars/jline.jar
7fef4001c000-7fef40025000 r--s 00065000 fc:02 4850282                    /home/ashihaby/programs/play-2.1.0/repository/local/org.clapper/grizzled-scala_2.9.1/1.0.8/jars/grizzled-scala_2.9.1.jar
7fef40025000-7fef4003f000 rw-p 00000000 00:00 0 
7fef4003f000-7fef400e5000 rw-p 00000000 00:00 0 
7fef400e5000-7fef400e8000 ---p 00000000 00:00 0 
7fef400e8000-7fef401ea000 rw-p 00000000 00:00 0                          [stack:17343]
7fef401ea000-7fef401ee000 r--s 00025000 fc:02 3020668                    /home/ashihaby/programs/play-2.1.0/framework/sbt/boot/scala-2.10.0/lib/jline.jar
7fef401ee000-7fef401ef000 r--s 00004000 fc:02 4850302                    /home/ashihaby/programs/play-2.1.0/repository/local/org.clapper/scalasti_2.9.1/0.5.5/jars/scalasti_2.9.1.jar
7fef401ef000-7fef401f1000 r--s 00013000 fc:02 4849881                    /home/ashihaby/programs/play-2.1.0/repository/local/net.databinder.giter8/giter8-lib_2.9.1/0.5.0/jars/giter8-lib_2.9.1.jar
7fef401f1000-7fef401f3000 r--s 00005000 fc:02 4849891                    /home/ashihaby/programs/play-2.1.0/repository/local/net.databinder.giter8/giter8_2.9.1/0.5.0/jars/giter8_2.9.1.jar
7fef401f3000-7fef401f5000 r--s 0000a000 fc:02 4851366                    /home/ashihaby/programs/play-2.1.0/repository/local/play/console_2.9.2/2.1.0/jars/console_2.9.2.jar
7fef401f5000-7fef401f8000 r--s 00008000 fc:02 2496443                    /home/ashihaby/programs/play-2.1.0/framework/sbt/boot/scala-2.9.2/org.scala-sbt/sbt/0.12.2/xsbti/interface-0.12.2.jar
7fef401f8000-7fef40200000 rw-s 00000000 fc:00 673580                     /tmp/hsperfdata_ashihaby/17342
7fef40200000-7fef40201000 rw-p 00000000 00:00 0 
7fef40201000-7fef40202000 r--p 00000000 00:00 0 
7fef40202000-7fef40204000 rw-p 00000000 00:00 0 
7fef40204000-7fef40205000 r--p 00022000 fc:00 5117                       /lib/x86_64-linux-gnu/ld-2.15.so
7fef40205000-7fef40207000 rw-p 00023000 fc:00 5117                       /lib/x86_64-linux-gnu/ld-2.15.so
7fff720ad000-7fff720cf000 rw-p 00000000 00:00 0                          [stack]
7fff721ff000-7fff72200000 r-xp 00000000 00:00 0                          [vdso]
ffffffffff600000-ffffffffff601000 r-xp 00000000 00:00 0                  [vsyscall]

VM Arguments:
jvm_args: -Xms512M -Xmx1536M -Xss1M -XX:+CMSClassUnloadingEnabled -XX:MaxPermSize=384M -Dfile.encoding=UTF-8 -Dplay.version=2.1.0 -Dsbt.ivy.home=/home/ashihaby/programs/play-2.1.0/framework/../repository -Dplay.home=/home/ashihaby/programs/play-2.1.0/framework -Dsbt.boot.properties=/home/ashihaby/programs/play-2.1.0/framework/sbt/sbt.boot.properties 
java_command: /home/ashihaby/programs/play-2.1.0/framework/sbt/sbt-launch.jar play
Launcher Type: SUN_STANDARD

Environment Variables:
PATH=/home/ashihaby/.rvm/gems/jruby-1.7.3/bin:/home/ashihaby/.rvm/gems/jruby-1.7.3@global/bin:/home/ashihaby/.rvm/rubies/jruby-1.7.3/bin:/home/ashihaby/.rvm/bin:/usr/lib/lightdm/lightdm:/usr/local/sbin:/usr/local/bin:/usr/sbin:/usr/bin:/sbin:/bin:/usr/games:/home/ashihaby/programs/vert.x-2.0.0-beta2/bin:/home/ashihaby/programs/gradle-1.6/bin:/home/ashihaby/programs/play-2.1.0:/home/ashihaby/programs/scala-2.10.0/bin
SHELL=/bin/bash
DISPLAY=:0

Signal Handlers:
SIGSEGV: [libjvm.so+0x8a5c80], sa_mask[0]=0x7ffbfeff, sa_flags=0x10000004
SIGBUS: [libjvm.so+0x8a5c80], sa_mask[0]=0x7ffbfeff, sa_flags=0x10000004
SIGFPE: [libjvm.so+0x741d60], sa_mask[0]=0x7ffbfeff, sa_flags=0x10000004
SIGPIPE: [libjvm.so+0x741d60], sa_mask[0]=0x7ffbfeff, sa_flags=0x10000004
SIGXFSZ: [libjvm.so+0x741d60], sa_mask[0]=0x7ffbfeff, sa_flags=0x10000004
SIGILL: [libjvm.so+0x741d60], sa_mask[0]=0x7ffbfeff, sa_flags=0x10000004
SIGUSR1: SIG_DFL, sa_mask[0]=0x00000000, sa_flags=0x00000000
SIGUSR2: [libjvm.so+0x7416b0], sa_mask[0]=0x00000000, sa_flags=0x10000004
SIGHUP: [libjvm.so+0x743a40], sa_mask[0]=0x7ffbfeff, sa_flags=0x10000004
SIGINT: [libjvm.so+0x743a40], sa_mask[0]=0x7ffbfeff, sa_flags=0x10000004
SIGTERM: [libjvm.so+0x743a40], sa_mask[0]=0x7ffbfeff, sa_flags=0x10000004
SIGQUIT: [libjvm.so+0x743a40], sa_mask[0]=0x7ffbfeff, sa_flags=0x10000004


---------------  S Y S T E M  ---------------

OS:wheezy/sid

uname:Linux 3.5.0-27-generic #46~precise1-Ubuntu SMP Tue Mar 26 19:33:21 UTC 2013 x86_64
libc:glibc 2.15 NPTL 2.15 
rlimit: STACK 8192k, CORE 0k, NPROC 26045, NOFILE 4096, AS infinity
load average:0.52 0.44 0.37

/proc/meminfo:
MemTotal:        3352984 kB
MemFree:          113596 kB
Buffers:            3480 kB
Cached:           220568 kB
SwapCached:       243260 kB
Active:          2282008 kB
Inactive:         760044 kB
Active(anon):    2246116 kB
Inactive(anon):   710772 kB
Active(file):      35892 kB
Inactive(file):    49272 kB
Unevictable:           0 kB
Mlocked:               0 kB
SwapTotal:       6975484 kB
SwapFree:        4417924 kB
Dirty:              3524 kB
Writeback:             0 kB
AnonPages:       2703820 kB
Mapped:            55356 kB
Shmem:            138596 kB
Slab:              74052 kB
SReclaimable:      37668 kB
SUnreclaim:        36384 kB
KernelStack:        5512 kB
PageTables:        52872 kB
NFS_Unstable:          0 kB
Bounce:                0 kB
WritebackTmp:          0 kB
CommitLimit:     8651976 kB
Committed_AS:   10384076 kB
VmallocTotal:   34359738367 kB
VmallocUsed:      360780 kB
VmallocChunk:   34359371076 kB
HardwareCorrupted:     0 kB
AnonHugePages:         0 kB
HugePages_Total:       0
HugePages_Free:        0
HugePages_Rsvd:        0
HugePages_Surp:        0
Hugepagesize:       2048 kB
DirectMap4k:       64492 kB
DirectMap2M:     3424256 kB


CPU:total 4 (2 cores per cpu, 2 threads per core) family 6 model 42 stepping 7, cmov, cx8, fxsr, mmx, sse, sse2, sse3, ssse3, sse4.1, sse4.2, popcnt, avx, ht, tsc, tscinvbit

/proc/cpuinfo:
processor	: 0
vendor_id	: GenuineIntel
cpu family	: 6
model		: 42
model name	: Intel(R) Core(TM) i7-2637M CPU @ 1.70GHz
stepping	: 7
microcode	: 0x25
cpu MHz		: 1701.000
cache size	: 4096 KB
physical id	: 0
siblings	: 4
core id		: 0
cpu cores	: 2
apicid		: 0
initial apicid	: 0
fpu		: yes
fpu_exception	: yes
cpuid level	: 13
wp		: yes
flags		: fpu vme de pse tsc msr pae mce cx8 apic sep mtrr pge mca cmov pat pse36 clflush dts acpi mmx fxsr sse sse2 ss ht tm pbe syscall nx rdtscp lm constant_tsc arch_perfmon pebs bts nopl xtopology nonstop_tsc aperfmperf pni pclmulqdq dtes64 monitor ds_cpl vmx smx est tm2 ssse3 cx16 xtpr pdcm pcid sse4_1 sse4_2 x2apic popcnt tsc_deadline_timer aes xsave avx lahf_lm ida arat epb xsaveopt pln pts dtherm tpr_shadow vnmi flexpriority ept vpid
bogomips	: 3392.43
clflush size	: 64
cache_alignment	: 64
address sizes	: 36 bits physical, 48 bits virtual
power management:

processor	: 1
vendor_id	: GenuineIntel
cpu family	: 6
model		: 42
model name	: Intel(R) Core(TM) i7-2637M CPU @ 1.70GHz
stepping	: 7
microcode	: 0x25
cpu MHz		: 800.000
cache size	: 4096 KB
physical id	: 0
siblings	: 4
core id		: 0
cpu cores	: 2
apicid		: 1
initial apicid	: 1
fpu		: yes
fpu_exception	: yes
cpuid level	: 13
wp		: yes
flags		: fpu vme de pse tsc msr pae mce cx8 apic sep mtrr pge mca cmov pat pse36 clflush dts acpi mmx fxsr sse sse2 ss ht tm pbe syscall nx rdtscp lm constant_tsc arch_perfmon pebs bts nopl xtopology nonstop_tsc aperfmperf pni pclmulqdq dtes64 monitor ds_cpl vmx smx est tm2 ssse3 cx16 xtpr pdcm pcid sse4_1 sse4_2 x2apic popcnt tsc_deadline_timer aes xsave avx lahf_lm ida arat epb xsaveopt pln pts dtherm tpr_shadow vnmi flexpriority ept vpid
bogomips	: 3392.43
clflush size	: 64
cache_alignment	: 64
address sizes	: 36 bits physical, 48 bits virtual
power management:

processor	: 2
vendor_id	: GenuineIntel
cpu family	: 6
model		: 42
model name	: Intel(R) Core(TM) i7-2637M CPU @ 1.70GHz
stepping	: 7
microcode	: 0x25
cpu MHz		: 800.000
cache size	: 4096 KB
physical id	: 0
siblings	: 4
core id		: 1
cpu cores	: 2
apicid		: 2
initial apicid	: 2
fpu		: yes
fpu_exception	: yes
cpuid level	: 13
wp		: yes
flags		: fpu vme de pse tsc msr pae mce cx8 apic sep mtrr pge mca cmov pat pse36 clflush dts acpi mmx fxsr sse sse2 ss ht tm pbe syscall nx rdtscp lm constant_tsc arch_perfmon pebs bts nopl xtopology nonstop_tsc aperfmperf pni pclmulqdq dtes64 monitor ds_cpl vmx smx est tm2 ssse3 cx16 xtpr pdcm pcid sse4_1 sse4_2 x2apic popcnt tsc_deadline_timer aes xsave avx lahf_lm ida arat epb xsaveopt pln pts dtherm tpr_shadow vnmi flexpriority ept vpid
bogomips	: 3392.43
clflush size	: 64
cache_alignment	: 64
address sizes	: 36 bits physical, 48 bits virtual
power management:

processor	: 3
vendor_id	: GenuineIntel
cpu family	: 6
model		: 42
model name	: Intel(R) Core(TM) i7-2637M CPU @ 1.70GHz
stepping	: 7
microcode	: 0x25
cpu MHz		: 800.000
cache size	: 4096 KB
physical id	: 0
siblings	: 4
core id		: 1
cpu cores	: 2
apicid		: 3
initial apicid	: 3
fpu		: yes
fpu_exception	: yes
cpuid level	: 13
wp		: yes
flags		: fpu vme de pse tsc msr pae mce cx8 apic sep mtrr pge mca cmov pat pse36 clflush dts acpi mmx fxsr sse sse2 ss ht tm pbe syscall nx rdtscp lm constant_tsc arch_perfmon pebs bts nopl xtopology nonstop_tsc aperfmperf pni pclmulqdq dtes64 monitor ds_cpl vmx smx est tm2 ssse3 cx16 xtpr pdcm pcid sse4_1 sse4_2 x2apic popcnt tsc_deadline_timer aes xsave avx lahf_lm ida arat epb xsaveopt pln pts dtherm tpr_shadow vnmi flexpriority ept vpid
bogomips	: 3392.43
clflush size	: 64
cache_alignment	: 64
address sizes	: 36 bits physical, 48 bits virtual
power management:



Memory: 4k page, physical 3352984k(113596k free), swap 6975484k(4417924k free)

vm_info: Java HotSpot(TM) 64-Bit Server VM (23.6-b04) for linux-amd64 JRE (1.7.0_11-b21), built on Jan 12 2013 01:43:03 by "java_re" with gcc 4.3.0 20080428 (Red Hat 4.3.0-8)

time: Wed Jun  5 17:48:10 2013
elapsed time: 19482 seconds

